{"/home/travis/build/npmtest/node-npmtest-net-ping/test.js":{"path":"/home/travis/build/npmtest/node-npmtest-net-ping/test.js","s":{"1":2,"2":2,"3":2,"4":2,"5":2,"6":2,"7":2,"8":1,"9":2,"10":2,"11":1,"12":1,"13":1,"14":1,"15":2,"16":2,"17":2,"18":2,"19":1,"20":1,"21":2,"22":2,"23":2,"24":1,"25":1,"26":1,"27":1,"28":1,"29":1,"30":1,"31":1,"32":1,"33":1,"34":1,"35":1,"36":1,"37":1,"38":1,"39":2,"40":2,"41":1,"42":2,"43":2,"44":1,"45":2,"46":2,"47":1,"48":2,"49":2,"50":1,"51":1,"52":1,"53":1,"54":1},"b":{"1":[2,1,1,1],"2":[1,1,1,1],"3":[1,1],"4":[1,1],"5":[1,1],"6":[1,1],"7":[1,1],"8":[1,1],"9":[1,1],"10":[1,1,1],"11":[1,1],"12":[1,1],"13":[1,1],"14":[1,1],"15":[1,1],"16":[1,1],"17":[1,1]},"f":{"1":2,"2":2,"3":2,"4":2,"5":2,"6":1,"7":1,"8":1,"9":2,"10":2,"11":2,"12":2,"13":1},"fnMap":{"1":{"name":"(anonymous_1)","line":12,"loc":{"start":{"line":12,"column":1},"end":{"line":12,"column":13}}},"2":{"name":"(anonymous_2)","line":19,"loc":{"start":{"line":19,"column":5},"end":{"line":19,"column":17}}},"3":{"name":"(anonymous_3)","line":23,"loc":{"start":{"line":23,"column":24},"end":{"line":23,"column":36}}},"4":{"name":"(anonymous_4)","line":61,"loc":{"start":{"line":61,"column":5},"end":{"line":61,"column":17}}},"5":{"name":"(anonymous_5)","line":82,"loc":{"start":{"line":82,"column":5},"end":{"line":82,"column":17}}},"6":{"name":"(anonymous_6)","line":91,"loc":{"start":{"line":91,"column":77},"end":{"line":94,"column":10}}},"7":{"name":"(anonymous_7)","line":112,"loc":{"start":{"line":112,"column":83},"end":{"line":115,"column":10}},"skip":true},"8":{"name":"(anonymous_8)","line":123,"loc":{"start":{"line":123,"column":77},"end":{"line":126,"column":10}},"skip":true},"9":{"name":"(anonymous_9)","line":139,"loc":{"start":{"line":139,"column":12},"end":{"line":139,"column":40}},"skip":true},"10":{"name":"(anonymous_10)","line":147,"loc":{"start":{"line":147,"column":77},"end":{"line":150,"column":10}},"skip":true},"11":{"name":"(anonymous_11)","line":158,"loc":{"start":{"line":158,"column":83},"end":{"line":161,"column":10}},"skip":true},"12":{"name":"(anonymous_12)","line":169,"loc":{"start":{"line":169,"column":79},"end":{"line":172,"column":10}},"skip":true},"13":{"name":"(anonymous_13)","line":180,"loc":{"start":{"line":180,"column":75},"end":{"line":183,"column":10}},"skip":true}},"statementMap":{"1":{"start":{"line":12,"column":0},"end":{"line":195,"column":5}},"2":{"start":{"line":14,"column":4},"end":{"line":14,"column":14}},"3":{"start":{"line":19,"column":4},"end":{"line":56,"column":9}},"4":{"start":{"line":21,"column":8},"end":{"line":21,"column":19}},"5":{"start":{"line":23,"column":8},"end":{"line":35,"column":13}},"6":{"start":{"line":24,"column":12},"end":{"line":34,"column":13}},"7":{"start":{"line":25,"column":16},"end":{"line":28,"column":30}},"8":{"start":{"line":30,"column":16},"end":{"line":33,"column":27}},"9":{"start":{"line":37,"column":8},"end":{"line":39,"column":21}},"10":{"start":{"line":40,"column":8},"end":{"line":53,"column":9}},"11":{"start":{"line":43,"column":12},"end":{"line":46,"column":14}},"12":{"start":{"line":47,"column":12},"end":{"line":47,"column":18}},"13":{"start":{"line":50,"column":12},"end":{"line":51,"column":33}},"14":{"start":{"line":52,"column":12},"end":{"line":52,"column":18}},"15":{"start":{"line":55,"column":8},"end":{"line":55,"column":35}},"16":{"start":{"line":61,"column":4},"end":{"line":63,"column":9}},"17":{"start":{"line":62,"column":8},"end":{"line":62,"column":15}},"18":{"start":{"line":64,"column":4},"end":{"line":77,"column":5}},"19":{"start":{"line":70,"column":8},"end":{"line":70,"column":14}},"20":{"start":{"line":76,"column":8},"end":{"line":76,"column":14}},"21":{"start":{"line":82,"column":4},"end":{"line":84,"column":9}},"22":{"start":{"line":83,"column":8},"end":{"line":83,"column":15}},"23":{"start":{"line":85,"column":4},"end":{"line":194,"column":5}},"24":{"start":{"line":91,"column":8},"end":{"line":99,"column":10}},"25":{"start":{"line":98,"column":12},"end":{"line":98,"column":35}},"26":{"start":{"line":102,"column":8},"end":{"line":104,"column":63}},"27":{"start":{"line":105,"column":8},"end":{"line":105,"column":14}},"28":{"start":{"line":112,"column":8},"end":{"line":121,"column":10},"skip":true},"29":{"start":{"line":119,"column":12},"end":{"line":119,"column":55},"skip":true},"30":{"start":{"line":120,"column":12},"end":{"line":120,"column":48},"skip":true},"31":{"start":{"line":123,"column":8},"end":{"line":136,"column":10},"skip":true},"32":{"start":{"line":130,"column":12},"end":{"line":130,"column":76},"skip":true},"33":{"start":{"line":131,"column":12},"end":{"line":131,"column":73},"skip":true},"34":{"start":{"line":132,"column":12},"end":{"line":132,"column":74},"skip":true},"35":{"start":{"line":133,"column":12},"end":{"line":133,"column":79},"skip":true},"36":{"start":{"line":134,"column":12},"end":{"line":134,"column":25},"skip":true},"37":{"start":{"line":135,"column":12},"end":{"line":135,"column":45},"skip":true},"38":{"start":{"line":138,"column":8},"end":{"line":145,"column":14},"skip":true},"39":{"start":{"line":143,"column":16},"end":{"line":143,"column":29},"skip":true},"40":{"start":{"line":144,"column":16},"end":{"line":144,"column":55},"skip":true},"41":{"start":{"line":147,"column":8},"end":{"line":156,"column":10},"skip":true},"42":{"start":{"line":154,"column":12},"end":{"line":154,"column":25},"skip":true},"43":{"start":{"line":155,"column":12},"end":{"line":155,"column":45},"skip":true},"44":{"start":{"line":158,"column":8},"end":{"line":167,"column":10},"skip":true},"45":{"start":{"line":165,"column":12},"end":{"line":165,"column":25},"skip":true},"46":{"start":{"line":166,"column":12},"end":{"line":166,"column":48},"skip":true},"47":{"start":{"line":169,"column":8},"end":{"line":178,"column":10},"skip":true},"48":{"start":{"line":176,"column":12},"end":{"line":176,"column":25},"skip":true},"49":{"start":{"line":177,"column":12},"end":{"line":177,"column":46},"skip":true},"50":{"start":{"line":180,"column":8},"end":{"line":189,"column":10},"skip":true},"51":{"start":{"line":187,"column":12},"end":{"line":187,"column":94},"skip":true},"52":{"start":{"line":188,"column":12},"end":{"line":188,"column":48},"skip":true},"53":{"start":{"line":192,"column":8},"end":{"line":192,"column":35},"skip":true},"54":{"start":{"line":193,"column":8},"end":{"line":193,"column":14},"skip":true}},"branchMap":{"1":{"line":25,"type":"binary-expr","locations":[{"start":{"line":25,"column":23},"end":{"line":25,"column":62}},{"start":{"line":26,"column":20},"end":{"line":26,"column":70}},{"start":{"line":27,"column":20},"end":{"line":27,"column":71}},{"start":{"line":28,"column":20},"end":{"line":28,"column":29}}]},"2":{"line":30,"type":"binary-expr","locations":[{"start":{"line":30,"column":23},"end":{"line":30,"column":37}},{"start":{"line":31,"column":20},"end":{"line":31,"column":61}},{"start":{"line":32,"column":20},"end":{"line":32,"column":70}},{"start":{"line":33,"column":20},"end":{"line":33,"column":26}}]},"3":{"line":37,"type":"cond-expr","locations":[{"start":{"line":38,"column":14},"end":{"line":38,"column":20}},{"start":{"line":39,"column":14},"end":{"line":39,"column":20}}]},"4":{"line":40,"type":"switch","locations":[{"start":{"line":42,"column":8},"end":{"line":47,"column":18}},{"start":{"line":49,"column":8},"end":{"line":52,"column":18}}]},"5":{"line":44,"type":"binary-expr","locations":[{"start":{"line":44,"column":16},"end":{"line":44,"column":44}},{"start":{"line":44,"column":48},"end":{"line":44,"column":66}}]},"6":{"line":50,"type":"binary-expr","locations":[{"start":{"line":50,"column":21},"end":{"line":50,"column":49}},{"start":{"line":50,"column":53},"end":{"line":50,"column":72}}]},"7":{"line":64,"type":"switch","locations":[{"start":{"line":69,"column":4},"end":{"line":70,"column":14}},{"start":{"line":75,"column":4},"end":{"line":76,"column":14}}]},"8":{"line":85,"type":"switch","locations":[{"start":{"line":90,"column":4},"end":{"line":105,"column":14}},{"start":{"line":111,"column":4},"end":{"line":193,"column":14},"skip":true}]},"9":{"line":91,"type":"binary-expr","locations":[{"start":{"line":91,"column":42},"end":{"line":91,"column":73}},{"start":{"line":91,"column":77},"end":{"line":99,"column":9}}]},"10":{"line":102,"type":"binary-expr","locations":[{"start":{"line":102,"column":18},"end":{"line":102,"column":32}},{"start":{"line":103,"column":12},"end":{"line":103,"column":53}},{"start":{"line":104,"column":12},"end":{"line":104,"column":61}}]},"11":{"line":112,"type":"binary-expr","locations":[{"start":{"line":112,"column":45},"end":{"line":112,"column":79},"skip":true},{"start":{"line":112,"column":83},"end":{"line":121,"column":9},"skip":true}]},"12":{"line":123,"type":"binary-expr","locations":[{"start":{"line":123,"column":42},"end":{"line":123,"column":73},"skip":true},{"start":{"line":123,"column":77},"end":{"line":136,"column":9},"skip":true}]},"13":{"line":138,"type":"binary-expr","locations":[{"start":{"line":138,"column":48},"end":{"line":138,"column":85},"skip":true},{"start":{"line":139,"column":12},"end":{"line":145,"column":13},"skip":true}]},"14":{"line":147,"type":"binary-expr","locations":[{"start":{"line":147,"column":42},"end":{"line":147,"column":73},"skip":true},{"start":{"line":147,"column":77},"end":{"line":156,"column":9},"skip":true}]},"15":{"line":158,"type":"binary-expr","locations":[{"start":{"line":158,"column":45},"end":{"line":158,"column":79},"skip":true},{"start":{"line":158,"column":83},"end":{"line":167,"column":9},"skip":true}]},"16":{"line":169,"type":"binary-expr","locations":[{"start":{"line":169,"column":43},"end":{"line":169,"column":75},"skip":true},{"start":{"line":169,"column":79},"end":{"line":178,"column":9},"skip":true}]},"17":{"line":180,"type":"binary-expr","locations":[{"start":{"line":180,"column":41},"end":{"line":180,"column":71},"skip":true},{"start":{"line":180,"column":75},"end":{"line":189,"column":9},"skip":true}]}},"code":["/* istanbul instrument in package npmtest_net_ping */","/*jslint","    bitwise: true,","    browser: true,","    maxerr: 8,","    maxlen: 96,","    node: true,","    nomen: true,","    regexp: true,","    stupid: true","*/","(function () {","    'use strict';","    var local;","","","","    // run shared js-env code - init-before","    (function () {","        // init local","        local = {};","        // init modeJs","        local.modeJs = (function () {","            try {","                return typeof navigator.userAgent === 'string' &&","                    typeof document.querySelector('body') === 'object' &&","                    typeof XMLHttpRequest.prototype.open === 'function' &&","                    'browser';","            } catch (errorCaughtBrowser) {","                return module.exports &&","                    typeof process.versions.node === 'string' &&","                    typeof require('http').createServer === 'function' &&","                    'node';","            }","        }());","        // init global","        local.global = local.modeJs === 'browser'","            ? window","            : global;","        switch (local.modeJs) {","        // re-init local from window.local","        case 'browser':","            local = local.global.utility2.objectSetDefault(","                local.global.utility2_rollup || local.global.local,","                local.global.utility2","            );","            break;","        // re-init local from example.js","        case 'node':","            local = (local.global.utility2_rollup || require('utility2'))","                .requireReadme();","            break;","        }","        // export local","        local.global.local = local;","    }());","","","","    // run shared js-env code - function","    (function () {","        return;","    }());","    switch (local.modeJs) {","","","","    // run browser js-env code - function","    case 'browser':","        break;","","","","    // run node js-env code - function","    case 'node':","        break;","    }","","","","    // run shared js-env code - init-after","    (function () {","        return;","    }());","    switch (local.modeJs) {","","","","    // run browser js-env code - init-after","    case 'browser':","        local.testCase_browser_nullCase = local.testCase_browser_nullCase || function (","            options,","            onError","        ) {","        /*","         * this function will test browsers's null-case handling-behavior-behavior","         */","            onError(null, options);","        };","","        // run tests","        local.nop(local.modeTest &&","            document.querySelector('#testRunButton1') &&","            document.querySelector('#testRunButton1').click());","        break;","","","","    // run node js-env code - init-after","    /* istanbul ignore next */","    case 'node':","        local.testCase_buildApidoc_default = local.testCase_buildApidoc_default || function (","            options,","            onError","        ) {","        /*","         * this function will test buildApidoc's default handling-behavior-behavior","         */","            options = { modulePathList: module.paths };","            local.buildApidoc(options, onError);","        };","","        local.testCase_buildApp_default = local.testCase_buildApp_default || function (","            options,","            onError","        ) {","        /*","         * this function will test buildApp's default handling-behavior-behavior","         */","            local.testCase_buildReadme_default(options, local.onErrorThrow);","            local.testCase_buildLib_default(options, local.onErrorThrow);","            local.testCase_buildTest_default(options, local.onErrorThrow);","            local.testCase_buildCustomOrg_default(options, local.onErrorThrow);","            options = [];","            local.buildApp(options, onError);","        };","","        local.testCase_buildCustomOrg_default = local.testCase_buildCustomOrg_default ||","            function (options, onError) {","            /*","             * this function will test buildCustomOrg's default handling-behavior","             */","                options = {};","                local.buildCustomOrg(options, onError);","            };","","        local.testCase_buildLib_default = local.testCase_buildLib_default || function (","            options,","            onError","        ) {","        /*","         * this function will test buildLib's default handling-behavior","         */","            options = {};","            local.buildLib(options, onError);","        };","","        local.testCase_buildReadme_default = local.testCase_buildReadme_default || function (","            options,","            onError","        ) {","        /*","         * this function will test buildReadme's default handling-behavior-behavior","         */","            options = {};","            local.buildReadme(options, onError);","        };","","        local.testCase_buildTest_default = local.testCase_buildTest_default || function (","            options,","            onError","        ) {","        /*","         * this function will test buildTest's default handling-behavior","         */","            options = {};","            local.buildTest(options, onError);","        };","","        local.testCase_webpage_default = local.testCase_webpage_default || function (","            options,","            onError","        ) {","        /*","         * this function will test webpage's default handling-behavior","         */","            options = { modeCoverageMerge: true, url: local.serverLocalHost + '?modeTest=1' };","            local.browserTest(options, onError);","        };","","        // run test-server","        local.testRunServer(local);","        break;","    }","}());",""],"l":{"12":2,"14":2,"19":2,"21":2,"23":2,"24":2,"25":2,"30":1,"37":2,"40":2,"43":1,"47":1,"50":1,"52":1,"55":2,"61":2,"62":2,"64":2,"70":1,"76":1,"82":2,"83":2,"85":2,"91":1,"98":1,"102":1,"105":1,"112":1,"119":1,"120":1,"123":1,"130":1,"131":1,"132":1,"133":1,"134":1,"135":1,"138":1,"143":2,"144":2,"147":1,"154":2,"155":2,"158":1,"165":2,"166":2,"169":1,"176":2,"177":2,"180":1,"187":1,"188":1,"192":1,"193":1}},"/home/travis/build/npmtest/node-npmtest-net-ping/lib.npmtest_net_ping.js":{"path":"/home/travis/build/npmtest/node-npmtest-net-ping/lib.npmtest_net_ping.js","s":{"1":2,"2":2,"3":2,"4":2,"5":2,"6":2,"7":2,"8":1,"9":2,"10":2,"11":2,"12":2,"13":1,"14":1,"15":1,"16":1},"b":{"1":[2,1,1,1],"2":[1,1,1,1],"3":[1,1],"4":[2,2],"5":[1,1]},"f":{"1":2,"2":2,"3":2},"fnMap":{"1":{"name":"(anonymous_1)","line":12,"loc":{"start":{"line":12,"column":1},"end":{"line":12,"column":13}}},"2":{"name":"(anonymous_2)","line":19,"loc":{"start":{"line":19,"column":5},"end":{"line":19,"column":17}}},"3":{"name":"(anonymous_3)","line":23,"loc":{"start":{"line":23,"column":24},"end":{"line":23,"column":36}}}},"statementMap":{"1":{"start":{"line":12,"column":0},"end":{"line":53,"column":5}},"2":{"start":{"line":14,"column":4},"end":{"line":14,"column":14}},"3":{"start":{"line":19,"column":4},"end":{"line":52,"column":9}},"4":{"start":{"line":21,"column":8},"end":{"line":21,"column":19}},"5":{"start":{"line":23,"column":8},"end":{"line":35,"column":13}},"6":{"start":{"line":24,"column":12},"end":{"line":34,"column":13}},"7":{"start":{"line":25,"column":16},"end":{"line":28,"column":30}},"8":{"start":{"line":30,"column":16},"end":{"line":33,"column":27}},"9":{"start":{"line":37,"column":8},"end":{"line":39,"column":21}},"10":{"start":{"line":41,"column":8},"end":{"line":41,"column":54}},"11":{"start":{"line":43,"column":8},"end":{"line":43,"column":53}},"12":{"start":{"line":45,"column":8},"end":{"line":51,"column":9}},"13":{"start":{"line":46,"column":12},"end":{"line":46,"column":59}},"14":{"start":{"line":48,"column":12},"end":{"line":48,"column":35}},"15":{"start":{"line":49,"column":12},"end":{"line":49,"column":49}},"16":{"start":{"line":50,"column":12},"end":{"line":50,"column":43}}},"branchMap":{"1":{"line":25,"type":"binary-expr","locations":[{"start":{"line":25,"column":23},"end":{"line":25,"column":62}},{"start":{"line":26,"column":20},"end":{"line":26,"column":70}},{"start":{"line":27,"column":20},"end":{"line":27,"column":71}},{"start":{"line":28,"column":20},"end":{"line":28,"column":29}}]},"2":{"line":30,"type":"binary-expr","locations":[{"start":{"line":30,"column":23},"end":{"line":30,"column":37}},{"start":{"line":31,"column":20},"end":{"line":31,"column":61}},{"start":{"line":32,"column":20},"end":{"line":32,"column":70}},{"start":{"line":33,"column":20},"end":{"line":33,"column":26}}]},"3":{"line":37,"type":"cond-expr","locations":[{"start":{"line":38,"column":14},"end":{"line":38,"column":20}},{"start":{"line":39,"column":14},"end":{"line":39,"column":20}}]},"4":{"line":41,"type":"binary-expr","locations":[{"start":{"line":41,"column":16},"end":{"line":41,"column":44}},{"start":{"line":41,"column":48},"end":{"line":41,"column":53}}]},"5":{"line":45,"type":"if","locations":[{"start":{"line":45,"column":8},"end":{"line":45,"column":8}},{"start":{"line":45,"column":8},"end":{"line":45,"column":8}}]}},"code":["/* istanbul instrument in package npmtest_net_ping */","/*jslint","    bitwise: true,","    browser: true,","    maxerr: 8,","    maxlen: 96,","    node: true,","    nomen: true,","    regexp: true,","    stupid: true","*/","(function () {","    'use strict';","    var local;","","","","    // run shared js-env code - init-before","    (function () {","        // init local","        local = {};","        // init modeJs","        local.modeJs = (function () {","            try {","                return typeof navigator.userAgent === 'string' &&","                    typeof document.querySelector('body') === 'object' &&","                    typeof XMLHttpRequest.prototype.open === 'function' &&","                    'browser';","            } catch (errorCaughtBrowser) {","                return module.exports &&","                    typeof process.versions.node === 'string' &&","                    typeof require('http').createServer === 'function' &&","                    'node';","            }","        }());","        // init global","        local.global = local.modeJs === 'browser'","            ? window","            : global;","        // init utility2_rollup","        local = local.global.utility2_rollup || local;","        // init lib","        local.local = local.npmtest_net_ping = local;","        // init exports","        if (local.modeJs === 'browser') {","            local.global.utility2_npmtest_net_ping = local;","        } else {","            module.exports = local;","            module.exports.__dirname = __dirname;","            module.exports.module = module;","        }","    }());","}());",""],"l":{"12":2,"14":2,"19":2,"21":2,"23":2,"24":2,"25":2,"30":1,"37":2,"41":2,"43":2,"45":2,"46":1,"48":1,"49":1,"50":1}},"/home/travis/build/npmtest/node-npmtest-net-ping/example.js":{"path":"/home/travis/build/npmtest/node-npmtest-net-ping/example.js","s":{"1":2,"2":2,"3":2,"4":2,"5":2,"6":2,"7":2,"8":1,"9":2,"10":2,"11":2,"12":2,"13":1,"14":2,"15":2,"16":2,"17":2,"18":2,"19":0,"20":2,"21":1,"22":1,"23":1,"24":1,"25":1,"26":0,"27":0,"28":1,"29":1,"30":2,"31":0,"32":0,"33":0,"34":1,"35":2,"36":2,"37":3,"38":3,"39":3,"40":3,"41":0,"42":3,"43":3,"44":3,"45":1,"46":3,"47":1,"48":1,"49":1,"50":1,"51":1,"52":1,"53":1,"54":1,"55":1,"56":1,"57":0,"58":1,"59":6,"60":6,"61":1,"62":2,"63":0,"64":2,"65":1,"66":1,"67":0,"68":0,"69":0,"70":0,"71":0,"72":0,"73":0,"74":0,"75":0,"76":0,"77":0,"78":0,"79":0,"80":0,"81":0,"82":0,"83":0},"b":{"1":[2,1,1,1],"2":[1,1,1,1],"3":[1,1],"4":[2,2],"5":[1,1],"6":[1,1],"7":[2,0],"8":[2,1,1,1,1,1],"9":[0,2,0],"10":[1,1],"11":[2,1,1],"12":[1,0],"13":[0,2],"14":[2,0,0,0,0,0,0],"15":[0,3],"16":[3,0],"17":[1,1],"18":[0,1],"19":[1,2,0,2],"20":[1,0],"21":[1,1],"22":[0,0],"23":[0,0],"24":[0,0],"25":[0,0],"26":[0,0],"27":[0,0],"28":[0,0]},"f":{"1":2,"2":2,"3":2,"4":2,"5":2,"6":2,"7":3,"8":3,"9":3,"10":1,"11":6,"12":0},"fnMap":{"1":{"name":"(anonymous_1)","line":26,"loc":{"start":{"line":26,"column":1},"end":{"line":26,"column":13}}},"2":{"name":"(anonymous_2)","line":33,"loc":{"start":{"line":33,"column":5},"end":{"line":33,"column":17}}},"3":{"name":"(anonymous_3)","line":37,"loc":{"start":{"line":37,"column":24},"end":{"line":37,"column":36}}},"4":{"name":"(anonymous_4)","line":69,"loc":{"start":{"line":69,"column":31},"end":{"line":69,"column":48}},"skip":true},"5":{"name":"(anonymous_5)","line":78,"loc":{"start":{"line":78,"column":26},"end":{"line":78,"column":45}},"skip":true},"6":{"name":"(anonymous_6)","line":123,"loc":{"start":{"line":123,"column":33},"end":{"line":123,"column":48}},"skip":true},"7":{"name":"(anonymous_7)","line":125,"loc":{"start":{"line":125,"column":27},"end":{"line":125,"column":39}},"skip":true},"8":{"name":"(anonymous_8)","line":133,"loc":{"start":{"line":133,"column":59},"end":{"line":133,"column":74}},"skip":true},"9":{"name":"(anonymous_9)","line":143,"loc":{"start":{"line":143,"column":45},"end":{"line":143,"column":62}},"skip":true},"10":{"name":"(anonymous_10)","line":144,"loc":{"start":{"line":144,"column":73},"end":{"line":144,"column":92}},"skip":true},"11":{"name":"(anonymous_11)","line":272,"loc":{"start":{"line":272,"column":51},"end":{"line":272,"column":77}},"skip":true},"12":{"name":"(anonymous_12)","line":315,"loc":{"start":{"line":315,"column":32},"end":{"line":315,"column":61}},"skip":true}},"statementMap":{"1":{"start":{"line":26,"column":0},"end":{"line":326,"column":5}},"2":{"start":{"line":28,"column":4},"end":{"line":28,"column":14}},"3":{"start":{"line":33,"column":4},"end":{"line":60,"column":9}},"4":{"start":{"line":35,"column":8},"end":{"line":35,"column":19}},"5":{"start":{"line":37,"column":8},"end":{"line":49,"column":13}},"6":{"start":{"line":38,"column":12},"end":{"line":48,"column":13}},"7":{"start":{"line":39,"column":16},"end":{"line":42,"column":30}},"8":{"start":{"line":44,"column":16},"end":{"line":47,"column":27}},"9":{"start":{"line":51,"column":8},"end":{"line":53,"column":21}},"10":{"start":{"line":55,"column":8},"end":{"line":57,"column":45}},"11":{"start":{"line":59,"column":8},"end":{"line":59,"column":35}},"12":{"start":{"line":61,"column":4},"end":{"line":325,"column":5}},"13":{"start":{"line":69,"column":8},"end":{"line":121,"column":10},"skip":true},"14":{"start":{"line":70,"column":12},"end":{"line":88,"column":13},"skip":true},"15":{"start":{"line":76,"column":16},"end":{"line":87,"column":19},"skip":true},"16":{"start":{"line":79,"column":20},"end":{"line":86,"column":21},"skip":true},"17":{"start":{"line":82,"column":24},"end":{"line":82,"column":43},"skip":true},"18":{"start":{"line":83,"column":24},"end":{"line":83,"column":30},"skip":true},"19":{"start":{"line":85,"column":24},"end":{"line":85,"column":49},"skip":true},"20":{"start":{"line":89,"column":12},"end":{"line":107,"column":13},"skip":true},"21":{"start":{"line":92,"column":16},"end":{"line":102,"column":17},"skip":true},"22":{"start":{"line":93,"column":20},"end":{"line":93,"column":86},"skip":true},"23":{"start":{"line":94,"column":20},"end":{"line":95,"column":45},"skip":true},"24":{"start":{"line":96,"column":20},"end":{"line":96,"column":42},"skip":true},"25":{"start":{"line":97,"column":20},"end":{"line":97,"column":48},"skip":true},"26":{"start":{"line":100,"column":20},"end":{"line":100,"column":85},"skip":true},"27":{"start":{"line":101,"column":20},"end":{"line":101,"column":96},"skip":true},"28":{"start":{"line":103,"column":16},"end":{"line":103,"column":22},"skip":true},"29":{"start":{"line":106,"column":16},"end":{"line":106,"column":22},"skip":true},"30":{"start":{"line":108,"column":12},"end":{"line":120,"column":13},"skip":true},"31":{"start":{"line":114,"column":16},"end":{"line":119,"column":17},"skip":true},"32":{"start":{"line":116,"column":20},"end":{"line":116,"column":78},"skip":true},"33":{"start":{"line":118,"column":20},"end":{"line":118,"column":47},"skip":true},"34":{"start":{"line":123,"column":8},"end":{"line":141,"column":11},"skip":true},"35":{"start":{"line":124,"column":12},"end":{"line":124,"column":54},"skip":true},"36":{"start":{"line":125,"column":12},"end":{"line":140,"column":14},"skip":true},"37":{"start":{"line":126,"column":16},"end":{"line":126,"column":28},"skip":true},"38":{"start":{"line":127,"column":16},"end":{"line":127,"column":69},"skip":true},"39":{"start":{"line":128,"column":16},"end":{"line":128,"column":75},"skip":true},"40":{"start":{"line":129,"column":16},"end":{"line":131,"column":17},"skip":true},"41":{"start":{"line":130,"column":20},"end":{"line":130,"column":27},"skip":true},"42":{"start":{"line":133,"column":16},"end":{"line":137,"column":36},"skip":true},"43":{"start":{"line":134,"column":20},"end":{"line":136,"column":55},"skip":true},"44":{"start":{"line":139,"column":16},"end":{"line":139,"column":57},"skip":true},"45":{"start":{"line":143,"column":8},"end":{"line":147,"column":11},"skip":true},"46":{"start":{"line":144,"column":12},"end":{"line":146,"column":15},"skip":true},"47":{"start":{"line":145,"column":16},"end":{"line":145,"column":70},"skip":true},"48":{"start":{"line":149,"column":8},"end":{"line":149,"column":31},"skip":true},"49":{"start":{"line":150,"column":8},"end":{"line":150,"column":14},"skip":true},"50":{"start":{"line":158,"column":8},"end":{"line":158,"column":31},"skip":true},"51":{"start":{"line":160,"column":8},"end":{"line":160,"column":33},"skip":true},"52":{"start":{"line":161,"column":8},"end":{"line":161,"column":37},"skip":true},"53":{"start":{"line":162,"column":8},"end":{"line":162,"column":35},"skip":true},"54":{"start":{"line":164,"column":8},"end":{"line":164,"column":50},"skip":true},"55":{"start":{"line":166,"column":8},"end":{"line":256,"column":2},"skip":true},"56":{"start":{"line":258,"column":8},"end":{"line":286,"column":9},"skip":true},"57":{"start":{"line":259,"column":12},"end":{"line":269,"column":14},"skip":true},"58":{"start":{"line":271,"column":12},"end":{"line":285,"column":19},"skip":true},"59":{"start":{"line":274,"column":20},"end":{"line":274,"column":35},"skip":true},"60":{"start":{"line":275,"column":20},"end":{"line":284,"column":21},"skip":true},"61":{"start":{"line":277,"column":24},"end":{"line":277,"column":64},"skip":true},"62":{"start":{"line":279,"column":24},"end":{"line":279,"column":40},"skip":true},"63":{"start":{"line":281,"column":24},"end":{"line":281,"column":40},"skip":true},"64":{"start":{"line":283,"column":24},"end":{"line":283,"column":39},"skip":true},"65":{"start":{"line":288,"column":8},"end":{"line":290,"column":9},"skip":true},"66":{"start":{"line":289,"column":12},"end":{"line":289,"column":18},"skip":true},"67":{"start":{"line":291,"column":8},"end":{"line":293,"column":54},"skip":true},"68":{"start":{"line":296,"column":8},"end":{"line":301,"column":37},"skip":true},"69":{"start":{"line":303,"column":8},"end":{"line":303,"column":82},"skip":true},"70":{"start":{"line":306,"column":8},"end":{"line":308,"column":9},"skip":true},"71":{"start":{"line":307,"column":12},"end":{"line":307,"column":82},"skip":true},"72":{"start":{"line":310,"column":8},"end":{"line":312,"column":9},"skip":true},"73":{"start":{"line":311,"column":12},"end":{"line":311,"column":18},"skip":true},"74":{"start":{"line":313,"column":8},"end":{"line":313,"column":54},"skip":true},"75":{"start":{"line":314,"column":8},"end":{"line":314,"column":69},"skip":true},"76":{"start":{"line":315,"column":8},"end":{"line":323,"column":36},"skip":true},"77":{"start":{"line":316,"column":12},"end":{"line":316,"column":61},"skip":true},"78":{"start":{"line":317,"column":12},"end":{"line":320,"column":13},"skip":true},"79":{"start":{"line":318,"column":16},"end":{"line":318,"column":75},"skip":true},"80":{"start":{"line":319,"column":16},"end":{"line":319,"column":23},"skip":true},"81":{"start":{"line":321,"column":12},"end":{"line":321,"column":38},"skip":true},"82":{"start":{"line":322,"column":12},"end":{"line":322,"column":27},"skip":true},"83":{"start":{"line":324,"column":8},"end":{"line":324,"column":14},"skip":true}},"branchMap":{"1":{"line":39,"type":"binary-expr","locations":[{"start":{"line":39,"column":23},"end":{"line":39,"column":62}},{"start":{"line":40,"column":20},"end":{"line":40,"column":70}},{"start":{"line":41,"column":20},"end":{"line":41,"column":71}},{"start":{"line":42,"column":20},"end":{"line":42,"column":29}}]},"2":{"line":44,"type":"binary-expr","locations":[{"start":{"line":44,"column":23},"end":{"line":44,"column":37}},{"start":{"line":45,"column":20},"end":{"line":45,"column":61}},{"start":{"line":46,"column":20},"end":{"line":46,"column":70}},{"start":{"line":47,"column":20},"end":{"line":47,"column":26}}]},"3":{"line":51,"type":"cond-expr","locations":[{"start":{"line":52,"column":14},"end":{"line":52,"column":20}},{"start":{"line":53,"column":14},"end":{"line":53,"column":20}}]},"4":{"line":55,"type":"binary-expr","locations":[{"start":{"line":55,"column":16},"end":{"line":55,"column":44}},{"start":{"line":55,"column":49},"end":{"line":57,"column":43}}]},"5":{"line":55,"type":"cond-expr","locations":[{"start":{"line":56,"column":14},"end":{"line":56,"column":52}},{"start":{"line":57,"column":14},"end":{"line":57,"column":43}}]},"6":{"line":61,"type":"switch","locations":[{"start":{"line":68,"column":4},"end":{"line":150,"column":14},"skip":true},{"start":{"line":156,"column":4},"end":{"line":324,"column":14},"skip":true}]},"7":{"line":70,"type":"if","locations":[{"start":{"line":70,"column":12},"end":{"line":70,"column":12},"skip":true},{"start":{"line":70,"column":12},"end":{"line":70,"column":12},"skip":true}]},"8":{"line":70,"type":"binary-expr","locations":[{"start":{"line":70,"column":16},"end":{"line":70,"column":22},"skip":true},{"start":{"line":70,"column":27},"end":{"line":70,"column":32},"skip":true},{"start":{"line":71,"column":20},"end":{"line":71,"column":39},"skip":true},{"start":{"line":72,"column":20},"end":{"line":72,"column":49},"skip":true},{"start":{"line":73,"column":20},"end":{"line":73,"column":58},"skip":true},{"start":{"line":74,"column":20},"end":{"line":74,"column":69},"skip":true}]},"9":{"line":79,"type":"switch","locations":[{"start":{"line":80,"column":20},"end":{"line":80,"column":33},"skip":true},{"start":{"line":81,"column":20},"end":{"line":83,"column":30},"skip":true},{"start":{"line":84,"column":20},"end":{"line":85,"column":49},"skip":true}]},"10":{"line":89,"type":"switch","locations":[{"start":{"line":90,"column":12},"end":{"line":103,"column":22},"skip":true},{"start":{"line":105,"column":12},"end":{"line":106,"column":22},"skip":true}]},"11":{"line":89,"type":"binary-expr","locations":[{"start":{"line":89,"column":20},"end":{"line":89,"column":25},"skip":true},{"start":{"line":89,"column":29},"end":{"line":89,"column":48},"skip":true},{"start":{"line":89,"column":52},"end":{"line":89,"column":74},"skip":true}]},"12":{"line":92,"type":"if","locations":[{"start":{"line":92,"column":16},"end":{"line":92,"column":16},"skip":true},{"start":{"line":92,"column":16},"end":{"line":92,"column":16},"skip":true}]},"13":{"line":108,"type":"if","locations":[{"start":{"line":108,"column":12},"end":{"line":108,"column":12},"skip":true},{"start":{"line":108,"column":12},"end":{"line":108,"column":12},"skip":true}]},"14":{"line":108,"type":"binary-expr","locations":[{"start":{"line":108,"column":16},"end":{"line":108,"column":61},"skip":true},{"start":{"line":108,"column":66},"end":{"line":108,"column":72},"skip":true},{"start":{"line":108,"column":77},"end":{"line":108,"column":82},"skip":true},{"start":{"line":109,"column":20},"end":{"line":109,"column":39},"skip":true},{"start":{"line":110,"column":20},"end":{"line":110,"column":49},"skip":true},{"start":{"line":111,"column":20},"end":{"line":111,"column":58},"skip":true},{"start":{"line":112,"column":20},"end":{"line":112,"column":68},"skip":true}]},"15":{"line":129,"type":"if","locations":[{"start":{"line":129,"column":16},"end":{"line":129,"column":16},"skip":true},{"start":{"line":129,"column":16},"end":{"line":129,"column":16},"skip":true}]},"16":{"line":134,"type":"cond-expr","locations":[{"start":{"line":135,"column":26},"end":{"line":135,"column":29},"skip":true},{"start":{"line":136,"column":26},"end":{"line":136,"column":54},"skip":true}]},"17":{"line":164,"type":"binary-expr","locations":[{"start":{"line":164,"column":27},"end":{"line":164,"column":43},"skip":true},{"start":{"line":164,"column":47},"end":{"line":164,"column":49},"skip":true}]},"18":{"line":258,"type":"if","locations":[{"start":{"line":258,"column":8},"end":{"line":258,"column":8},"skip":true},{"start":{"line":258,"column":8},"end":{"line":258,"column":8},"skip":true}]},"19":{"line":275,"type":"switch","locations":[{"start":{"line":276,"column":20},"end":{"line":277,"column":64},"skip":true},{"start":{"line":278,"column":20},"end":{"line":279,"column":40},"skip":true},{"start":{"line":280,"column":20},"end":{"line":281,"column":40},"skip":true},{"start":{"line":282,"column":20},"end":{"line":283,"column":39},"skip":true}]},"20":{"line":288,"type":"if","locations":[{"start":{"line":288,"column":8},"end":{"line":288,"column":8},"skip":true},{"start":{"line":288,"column":8},"end":{"line":288,"column":8},"skip":true}]},"21":{"line":288,"type":"binary-expr","locations":[{"start":{"line":288,"column":12},"end":{"line":288,"column":40},"skip":true},{"start":{"line":288,"column":44},"end":{"line":288,"column":67},"skip":true}]},"22":{"line":292,"type":"binary-expr","locations":[{"start":{"line":292,"column":12},"end":{"line":292,"column":50},"skip":true},{"start":{"line":293,"column":12},"end":{"line":293,"column":53},"skip":true}]},"23":{"line":297,"type":"binary-expr","locations":[{"start":{"line":297,"column":12},"end":{"line":297,"column":66},"skip":true},{"start":{"line":298,"column":12},"end":{"line":301,"column":36},"skip":true}]},"24":{"line":303,"type":"binary-expr","locations":[{"start":{"line":303,"column":43},"end":{"line":303,"column":75},"skip":true},{"start":{"line":303,"column":79},"end":{"line":303,"column":81},"skip":true}]},"25":{"line":306,"type":"if","locations":[{"start":{"line":306,"column":8},"end":{"line":306,"column":8},"skip":true},{"start":{"line":306,"column":8},"end":{"line":306,"column":8},"skip":true}]},"26":{"line":310,"type":"if","locations":[{"start":{"line":310,"column":8},"end":{"line":310,"column":8},"skip":true},{"start":{"line":310,"column":8},"end":{"line":310,"column":8},"skip":true}]},"27":{"line":313,"type":"binary-expr","locations":[{"start":{"line":313,"column":27},"end":{"line":313,"column":43},"skip":true},{"start":{"line":313,"column":47},"end":{"line":313,"column":53},"skip":true}]},"28":{"line":317,"type":"if","locations":[{"start":{"line":317,"column":12},"end":{"line":317,"column":12},"skip":true},{"start":{"line":317,"column":12},"end":{"line":317,"column":12},"skip":true}]}},"code":["/*","example.js","","quickstart example","","instruction","    1. save this script as example.js","    2. run the shell command:","        $ npm install npmtest-net-ping && PORT=8081 node example.js","    3. play with the browser-demo on http://127.0.0.1:8081","*/","","","","/* istanbul instrument in package npmtest_net_ping */","/*jslint","    bitwise: true,","    browser: true,","    maxerr: 8,","    maxlen: 96,","    node: true,","    nomen: true,","    regexp: true,","    stupid: true","*/","(function () {","    'use strict';","    var local;","","","","    // run shared js-env code - init-before","    (function () {","        // init local","        local = {};","        // init modeJs","        local.modeJs = (function () {","            try {","                return typeof navigator.userAgent === 'string' &&","                    typeof document.querySelector('body') === 'object' &&","                    typeof XMLHttpRequest.prototype.open === 'function' &&","                    'browser';","            } catch (errorCaughtBrowser) {","                return module.exports &&","                    typeof process.versions.node === 'string' &&","                    typeof require('http').createServer === 'function' &&","                    'node';","            }","        }());","        // init global","        local.global = local.modeJs === 'browser'","            ? window","            : global;","        // init utility2_rollup","        local = local.global.utility2_rollup || (local.modeJs === 'browser'","            ? local.global.utility2_npmtest_net_ping","            : global.utility2_moduleExports);","        // export local","        local.global.local = local;","    }());","    switch (local.modeJs) {","","","","    // init-after","    // run browser js-env code - init-after","    /* istanbul ignore next */","    case 'browser':","        local.testRunBrowser = function (event) {","            if (!event || (event &&","                    event.currentTarget &&","                    event.currentTarget.className &&","                    event.currentTarget.className.includes &&","                    event.currentTarget.className.includes('onreset'))) {","                // reset output","                Array.from(","                    document.querySelectorAll('body > .resettable')","                ).forEach(function (element) {","                    switch (element.tagName) {","                    case 'INPUT':","                    case 'TEXTAREA':","                        element.value = '';","                        break;","                    default:","                        element.textContent = '';","                    }","                });","            }","            switch (event && event.currentTarget && event.currentTarget.id) {","            case 'testRunButton1':","                // show tests","                if (document.querySelector('#testReportDiv1').style.display === 'none') {","                    document.querySelector('#testReportDiv1').style.display = 'block';","                    document.querySelector('#testRunButton1').textContent =","                        'hide internal test';","                    local.modeTest = true;","                    local.testRunDefault(local);","                // hide tests","                } else {","                    document.querySelector('#testReportDiv1').style.display = 'none';","                    document.querySelector('#testRunButton1').textContent = 'run internal test';","                }","                break;","            // custom-case","            default:","                break;","            }","            if (document.querySelector('#inputTextareaEval1') && (!event || (event &&","                    event.currentTarget &&","                    event.currentTarget.className &&","                    event.currentTarget.className.includes &&","                    event.currentTarget.className.includes('oneval')))) {","                // try to eval input-code","                try {","                    /*jslint evil: true*/","                    eval(document.querySelector('#inputTextareaEval1').value);","                } catch (errorCaught) {","                    console.error(errorCaught);","                }","            }","        };","        // log stderr and stdout to #outputTextareaStdout1","        ['error', 'log'].forEach(function (key) {","            console[key + '_original'] = console[key];","            console[key] = function () {","                var element;","                console[key + '_original'].apply(console, arguments);","                element = document.querySelector('#outputTextareaStdout1');","                if (!element) {","                    return;","                }","                // append text to #outputTextareaStdout1","                element.value += Array.from(arguments).map(function (arg) {","                    return typeof arg === 'string'","                        ? arg","                        : JSON.stringify(arg, null, 4);","                }).join(' ') + '\\n';","                // scroll textarea to bottom","                element.scrollTop = element.scrollHeight;","            };","        });","        // init event-handling","        ['change', 'click', 'keyup'].forEach(function (event) {","            Array.from(document.querySelectorAll('.on' + event)).forEach(function (element) {","                element.addEventListener(event, local.testRunBrowser);","            });","        });","        // run tests","        local.testRunBrowser();","        break;","","","","    // run node js-env code - init-after","    /* istanbul ignore next */","    case 'node':","        // export local","        module.exports = local;","        // require modules","        local.fs = require('fs');","        local.http = require('http');","        local.url = require('url');","        // init assets","        local.assetsDict = local.assetsDict || {};","        /* jslint-ignore-begin */","        local.assetsDict['/assets.index.template.html'] = '\\","<!doctype html>\\n\\","<html lang=\"en\">\\n\\","<head>\\n\\","<meta charset=\"UTF-8\">\\n\\","<meta name=\"viewport\" content=\"width=device-width, initial-scale=1\">\\n\\","<title>{{env.npm_package_name}} (v{{env.npm_package_version}})</title>\\n\\","<style>\\n\\","/*csslint\\n\\","    box-sizing: false,\\n\\","    universal-selector: false\\n\\","*/\\n\\","* {\\n\\","    box-sizing: border-box;\\n\\","}\\n\\","body {\\n\\","    background: #dde;\\n\\","    font-family: Arial, Helvetica, sans-serif;\\n\\","    margin: 2rem;\\n\\","}\\n\\","body > * {\\n\\","    margin-bottom: 1rem;\\n\\","}\\n\\",".utility2FooterDiv {\\n\\","    margin-top: 20px;\\n\\","    text-align: center;\\n\\","}\\n\\","</style>\\n\\","<style>\\n\\","/*csslint\\n\\","*/\\n\\","textarea {\\n\\","    font-family: monospace;\\n\\","    height: 10rem;\\n\\","    width: 100%;\\n\\","}\\n\\","textarea[readonly] {\\n\\","    background: #ddd;\\n\\","}\\n\\","</style>\\n\\","</head>\\n\\","<body>\\n\\","<!-- utility2-comment\\n\\","<div id=\"ajaxProgressDiv1\" style=\"background: #d00; height: 2px; left: 0; margin: 0; padding: 0; position: fixed; top: 0; transition: background 0.5s, width 1.5s; width: 25%;\"></div>\\n\\","utility2-comment -->\\n\\","<h1>\\n\\","<!-- utility2-comment\\n\\","    <a\\n\\","        {{#if env.npm_package_homepage}}\\n\\","        href=\"{{env.npm_package_homepage}}\"\\n\\","        {{/if env.npm_package_homepage}}\\n\\","        target=\"_blank\"\\n\\","    >\\n\\","utility2-comment -->\\n\\","        {{env.npm_package_name}} (v{{env.npm_package_version}})\\n\\","<!-- utility2-comment\\n\\","    </a>\\n\\","utility2-comment -->\\n\\","</h1>\\n\\","<h3>{{env.npm_package_description}}</h3>\\n\\","<!-- utility2-comment\\n\\","<h4><a download href=\"assets.app.js\">download standalone app</a></h4>\\n\\","<button class=\"onclick onreset\" id=\"testRunButton1\">run internal test</button><br>\\n\\","<div id=\"testReportDiv1\" style=\"display: none;\"></div>\\n\\","utility2-comment -->\\n\\","\\n\\","\\n\\","\\n\\","<label>stderr and stdout</label>\\n\\","<textarea class=\"resettable\" id=\"outputTextareaStdout1\" readonly></textarea>\\n\\","<!-- utility2-comment\\n\\","{{#if isRollup}}\\n\\","<script src=\"assets.app.js\"></script>\\n\\","{{#unless isRollup}}\\n\\","utility2-comment -->\\n\\","<script src=\"assets.utility2.rollup.js\"></script>\\n\\","<script src=\"jsonp.utility2._stateInit?callback=window.utility2._stateInit\"></script>\\n\\","<script src=\"assets.npmtest_net_ping.rollup.js\"></script>\\n\\","<script src=\"assets.example.js\"></script>\\n\\","<script src=\"assets.test.js\"></script>\\n\\","<!-- utility2-comment\\n\\","{{/if isRollup}}\\n\\","utility2-comment -->\\n\\","<div class=\"utility2FooterDiv\">\\n\\","    [ this app was created with\\n\\","    <a href=\"https://github.com/kaizhu256/node-utility2\" target=\"_blank\">utility2</a>\\n\\","    ]\\n\\","</div>\\n\\","</body>\\n\\","</html>\\n\\","';","        /* jslint-ignore-end */","        if (local.templateRender) {","            local.assetsDict['/'] = local.templateRender(","                local.assetsDict['/assets.index.template.html'],","                {","                    env: local.objectSetDefault(local.env, {","                        npm_package_description: 'the greatest app in the world!',","                        npm_package_name: 'my-app',","                        npm_package_nameAlias: 'my_app',","                        npm_package_version: '0.0.1'","                    })","                }","            );","        } else {","            local.assetsDict['/'] = local.assetsDict['/assets.index.template.html']","                .replace((/\\{\\{env\\.(\\w+?)\\}\\}/g), function (match0, match1) {","                    // jslint-hack","                    String(match0);","                    switch (match1) {","                    case 'npm_package_description':","                        return 'the greatest app in the world!';","                    case 'npm_package_name':","                        return 'my-app';","                    case 'npm_package_nameAlias':","                        return 'my_app';","                    case 'npm_package_version':","                        return '0.0.1';","                    }","                });","        }","        // run the cli","        if (local.global.utility2_rollup || module !== require.main) {","            break;","        }","        local.assetsDict['/assets.example.js'] =","            local.assetsDict['/assets.example.js'] ||","            local.fs.readFileSync(__filename, 'utf8');","        // bug-workaround - long $npm_package_buildCustomOrg","        /* jslint-ignore-begin */","        local.assetsDict['/assets.npmtest_net_ping.rollup.js'] =","            local.assetsDict['/assets.npmtest_net_ping.rollup.js'] ||","            local.fs.readFileSync(","                local.npmtest_net_ping.__dirname + '/lib.npmtest_net_ping.js',","                'utf8'","            ).replace((/^#!/), '//');","        /* jslint-ignore-end */","        local.assetsDict['/favicon.ico'] = local.assetsDict['/favicon.ico'] || '';","        // if $npm_config_timeout_exit exists,","        // then exit this process after $npm_config_timeout_exit ms","        if (Number(process.env.npm_config_timeout_exit)) {","            setTimeout(process.exit, Number(process.env.npm_config_timeout_exit));","        }","        // start server","        if (local.global.utility2_serverHttp1) {","            break;","        }","        process.env.PORT = process.env.PORT || '8081';","        console.error('server starting on port ' + process.env.PORT);","        local.http.createServer(function (request, response) {","            request.urlParsed = local.url.parse(request.url);","            if (local.assetsDict[request.urlParsed.pathname] !== undefined) {","                response.end(local.assetsDict[request.urlParsed.pathname]);","                return;","            }","            response.statusCode = 404;","            response.end();","        }).listen(process.env.PORT);","        break;","    }","}());",""],"l":{"26":2,"28":2,"33":2,"35":2,"37":2,"38":2,"39":2,"44":1,"51":2,"55":2,"59":2,"61":2,"69":1,"70":2,"76":2,"79":2,"82":2,"83":2,"85":1,"89":2,"92":1,"93":1,"94":1,"96":1,"97":1,"100":1,"101":1,"103":1,"106":1,"108":2,"114":1,"116":1,"118":1,"123":1,"124":2,"125":2,"126":3,"127":3,"128":3,"129":3,"130":1,"133":3,"134":3,"139":3,"143":1,"144":3,"145":1,"149":1,"150":1,"158":1,"160":1,"161":1,"162":1,"164":1,"166":1,"258":1,"259":1,"271":1,"274":6,"275":6,"277":1,"279":2,"281":1,"283":2,"288":1,"289":1,"291":1,"296":1,"303":1,"306":1,"307":1,"310":1,"311":1,"313":1,"314":1,"315":1,"316":1,"317":1,"318":1,"319":1,"321":1,"322":1,"324":1}},"/home/travis/build/npmtest/node-npmtest-net-ping/node_modules/net-ping/index.js":{"path":"/home/travis/build/npmtest/node-npmtest-net-ping/node_modules/net-ping/index.js","s":{"1":1,"2":1,"3":1,"4":1,"5":1,"6":1,"7":1,"8":2,"9":1,"10":2,"11":1,"12":1,"13":1,"14":0,"15":0,"16":0,"17":1,"18":1,"19":0,"20":0,"21":0,"22":1,"23":1,"24":0,"25":0,"26":0,"27":1,"28":1,"29":0,"30":0,"31":0,"32":1,"33":1,"34":0,"35":0,"36":1,"37":1,"38":0,"39":0,"40":0,"41":1,"42":1,"43":0,"44":0,"45":0,"46":1,"47":1,"48":0,"49":0,"50":0,"51":0,"52":0,"53":0,"54":0,"55":0,"56":0,"57":0,"58":0,"59":0,"60":0,"61":0,"62":0,"63":1,"64":1,"65":0,"66":0,"67":0,"68":0,"69":0,"70":1,"71":0,"72":1,"73":0,"74":1,"75":0,"76":0,"77":0,"78":0,"79":1,"80":0,"81":0,"82":0,"83":0,"84":0,"85":0,"86":0,"87":0,"88":0,"89":0,"90":0,"91":0,"92":1,"93":0,"94":0,"95":0,"96":0,"97":0,"98":0,"99":0,"100":0,"101":0,"102":0,"103":0,"104":0,"105":0,"106":0,"107":0,"108":0,"109":0,"110":0,"111":0,"112":0,"113":0,"114":0,"115":0,"116":0,"117":0,"118":0,"119":0,"120":0,"121":0,"122":0,"123":0,"124":0,"125":0,"126":0,"127":0,"128":0,"129":1,"130":0,"131":1,"132":0,"133":0,"134":1,"135":0,"136":1,"137":0,"138":0,"139":0,"140":0,"141":0,"142":0,"143":0,"144":0,"145":0,"146":0,"147":0,"148":0,"149":0,"150":0,"151":0,"152":0,"153":0,"154":0,"155":0,"156":0,"157":0,"158":0,"159":0,"160":0,"161":0,"162":0,"163":0,"164":0,"165":0,"166":0,"167":0,"168":0,"169":0,"170":1,"171":0,"172":0,"173":0,"174":0,"175":0,"176":0,"177":0,"178":1,"179":0,"180":0,"181":0,"182":0,"183":0,"184":1,"185":0,"186":0,"187":0,"188":0,"189":0,"190":0,"191":0,"192":0,"193":0,"194":1,"195":0,"196":0,"197":0,"198":0,"199":0,"200":0,"201":0,"202":1,"203":0,"204":0,"205":0,"206":0,"207":0,"208":0,"209":0,"210":1,"211":0,"212":0,"213":0,"214":0,"215":0,"216":0,"217":0,"218":0,"219":0,"220":0,"221":1,"222":0,"223":0,"224":0,"225":0,"226":0,"227":1,"228":0,"229":0,"230":0,"231":0,"232":0,"233":1,"234":0,"235":0,"236":0,"237":0,"238":0,"239":0,"240":0,"241":0,"242":0,"243":0,"244":0,"245":1,"246":0,"247":0,"248":0,"249":0,"250":0,"251":0,"252":0,"253":0,"254":0,"255":0,"256":0,"257":0,"258":0,"259":0,"260":0,"261":0,"262":0,"263":0,"264":0,"265":0,"266":0,"267":1,"268":0,"269":0,"270":0,"271":0,"272":0,"273":0,"274":0,"275":0,"276":0,"277":0,"278":0,"279":0,"280":0,"281":0,"282":0,"283":0,"284":0,"285":0,"286":0,"287":0,"288":0,"289":0,"290":0,"291":0,"292":0,"293":0,"294":1,"295":0,"296":1,"297":1,"298":1,"299":1,"300":1,"301":1,"302":1,"303":1,"304":1},"b":{"1":[0,0],"2":[0,0],"3":[0,0],"4":[0,0],"5":[0,0],"6":[0,0],"7":[0,0],"8":[0,0],"9":[0,0,0],"10":[0,0],"11":[0,0],"12":[0,0],"13":[0,0],"14":[0,0],"15":[0,0],"16":[0,0],"17":[0,0],"18":[0,0],"19":[0,0],"20":[0,0],"21":[0,0],"22":[0,0],"23":[0,0],"24":[0,0],"25":[0,0],"26":[0,0],"27":[0,0,0,0],"28":[0,0],"29":[0,0],"30":[0,0],"31":[0,0],"32":[0,0],"33":[0,0],"34":[0,0],"35":[0,0],"36":[0,0],"37":[0,0],"38":[0,0],"39":[0,0],"40":[0,0],"41":[0,0],"42":[0,0],"43":[0,0],"44":[0,0],"45":[0,0],"46":[0,0],"47":[0,0],"48":[0,0],"49":[0,0],"50":[0,0],"51":[0,0],"52":[0,0],"53":[0,0],"54":[0,0],"55":[0,0],"56":[0,0],"57":[0,0],"58":[0,0],"59":[0,0],"60":[0,0],"61":[0,0],"62":[0,0],"63":[0,0],"64":[0,0],"65":[0,0],"66":[0,0],"67":[0,0],"68":[0,0],"69":[0,0],"70":[0,0],"71":[0,0],"72":[0,0],"73":[0,0],"74":[0,0],"75":[0,0],"76":[0,0],"77":[0,0],"78":[0,0]},"f":{"1":1,"2":0,"3":0,"4":0,"5":0,"6":0,"7":0,"8":0,"9":0,"10":0,"11":0,"12":0,"13":0,"14":0,"15":0,"16":0,"17":0,"18":0,"19":0,"20":0,"21":0,"22":0,"23":0,"24":0,"25":0,"26":0,"27":0,"28":0,"29":0,"30":0,"31":0},"fnMap":{"1":{"name":"_expandConstantObject","line":7,"loc":{"start":{"line":7,"column":0},"end":{"line":7,"column":40}}},"2":{"name":"DestinationUnreachableError","line":22,"loc":{"start":{"line":22,"column":0},"end":{"line":22,"column":46}}},"3":{"name":"PacketTooBigError","line":29,"loc":{"start":{"line":29,"column":0},"end":{"line":29,"column":36}}},"4":{"name":"ParameterProblemError","line":36,"loc":{"start":{"line":36,"column":0},"end":{"line":36,"column":40}}},"5":{"name":"RedirectReceivedError","line":43,"loc":{"start":{"line":43,"column":0},"end":{"line":43,"column":40}}},"6":{"name":"RequestTimedOutError","line":50,"loc":{"start":{"line":50,"column":0},"end":{"line":50,"column":33}}},"7":{"name":"SourceQuenchError","line":56,"loc":{"start":{"line":56,"column":0},"end":{"line":56,"column":36}}},"8":{"name":"TimeExceededError","line":63,"loc":{"start":{"line":63,"column":0},"end":{"line":63,"column":36}}},"9":{"name":"Session","line":70,"loc":{"start":{"line":70,"column":0},"end":{"line":70,"column":27}}},"10":{"name":"(anonymous_10)","line":106,"loc":{"start":{"line":106,"column":26},"end":{"line":106,"column":38}}},"11":{"name":"(anonymous_11)","line":114,"loc":{"start":{"line":114,"column":34},"end":{"line":114,"column":57}}},"12":{"name":"(anonymous_12)","line":120,"loc":{"start":{"line":120,"column":35},"end":{"line":120,"column":61}}},"13":{"name":"(anonymous_13)","line":125,"loc":{"start":{"line":125,"column":26},"end":{"line":125,"column":43}}},"14":{"name":"(anonymous_14)","line":133,"loc":{"start":{"line":133,"column":30},"end":{"line":133,"column":42}}},"15":{"name":"(anonymous_15)","line":158,"loc":{"start":{"line":158,"column":31},"end":{"line":158,"column":49}}},"16":{"name":"(anonymous_16)","line":239,"loc":{"start":{"line":239,"column":39},"end":{"line":239,"column":54}}},"17":{"name":"(anonymous_17)","line":243,"loc":{"start":{"line":243,"column":34},"end":{"line":243,"column":46}}},"18":{"name":"(anonymous_18)","line":248,"loc":{"start":{"line":248,"column":34},"end":{"line":248,"column":51}}},"19":{"name":"(anonymous_19)","line":252,"loc":{"start":{"line":252,"column":36},"end":{"line":252,"column":62}}},"20":{"name":"(anonymous_20)","line":321,"loc":{"start":{"line":321,"column":33},"end":{"line":321,"column":62}}},"21":{"name":"(anonymous_21)","line":333,"loc":{"start":{"line":333,"column":30},"end":{"line":333,"column":45}}},"22":{"name":"(anonymous_22)","line":345,"loc":{"start":{"line":345,"column":32},"end":{"line":345,"column":44}}},"23":{"name":"(anonymous_23)","line":361,"loc":{"start":{"line":361,"column":29},"end":{"line":361,"column":57}}},"24":{"name":"(anonymous_24)","line":381,"loc":{"start":{"line":381,"column":29},"end":{"line":381,"column":44}}},"25":{"name":"(anonymous_25)","line":394,"loc":{"start":{"line":394,"column":30},"end":{"line":394,"column":44}}},"26":{"name":"(anonymous_26)","line":409,"loc":{"start":{"line":409,"column":25},"end":{"line":409,"column":40}}},"27":{"name":"(anonymous_27)","line":420,"loc":{"start":{"line":420,"column":27},"end":{"line":420,"column":42}}},"28":{"name":"(anonymous_28)","line":431,"loc":{"start":{"line":431,"column":29},"end":{"line":431,"column":44}}},"29":{"name":"(anonymous_29)","line":452,"loc":{"start":{"line":452,"column":39},"end":{"line":453,"column":14}}},"30":{"name":"(anonymous_30)","line":488,"loc":{"start":{"line":488,"column":31},"end":{"line":489,"column":16}}},"31":{"name":"(anonymous_31)","line":544,"loc":{"start":{"line":544,"column":24},"end":{"line":544,"column":43}}}},"statementMap":{"1":{"start":{"line":2,"column":0},"end":{"line":2,"column":32}},"2":{"start":{"line":3,"column":0},"end":{"line":3,"column":26}},"3":{"start":{"line":4,"column":0},"end":{"line":4,"column":33}},"4":{"start":{"line":5,"column":0},"end":{"line":5,"column":28}},"5":{"start":{"line":7,"column":0},"end":{"line":13,"column":1}},"6":{"start":{"line":8,"column":1},"end":{"line":8,"column":15}},"7":{"start":{"line":9,"column":1},"end":{"line":10,"column":18}},"8":{"start":{"line":10,"column":2},"end":{"line":10,"column":18}},"9":{"start":{"line":11,"column":1},"end":{"line":12,"column":47}},"10":{"start":{"line":12,"column":2},"end":{"line":12,"column":47}},"11":{"start":{"line":15,"column":0},"end":{"line":18,"column":2}},"12":{"start":{"line":20,"column":0},"end":{"line":20,"column":40}},"13":{"start":{"line":22,"column":0},"end":{"line":26,"column":1}},"14":{"start":{"line":23,"column":1},"end":{"line":23,"column":43}},"15":{"start":{"line":24,"column":1},"end":{"line":24,"column":66}},"16":{"start":{"line":25,"column":1},"end":{"line":25,"column":22}},"17":{"start":{"line":27,"column":0},"end":{"line":27,"column":51}},"18":{"start":{"line":29,"column":0},"end":{"line":33,"column":1}},"19":{"start":{"line":30,"column":1},"end":{"line":30,"column":33}},"20":{"start":{"line":31,"column":1},"end":{"line":31,"column":57}},"21":{"start":{"line":32,"column":1},"end":{"line":32,"column":22}},"22":{"start":{"line":34,"column":0},"end":{"line":34,"column":41}},"23":{"start":{"line":36,"column":0},"end":{"line":40,"column":1}},"24":{"start":{"line":37,"column":1},"end":{"line":37,"column":37}},"25":{"start":{"line":38,"column":1},"end":{"line":38,"column":60}},"26":{"start":{"line":39,"column":1},"end":{"line":39,"column":22}},"27":{"start":{"line":41,"column":0},"end":{"line":41,"column":45}},"28":{"start":{"line":43,"column":0},"end":{"line":47,"column":1}},"29":{"start":{"line":44,"column":1},"end":{"line":44,"column":37}},"30":{"start":{"line":45,"column":1},"end":{"line":45,"column":60}},"31":{"start":{"line":46,"column":1},"end":{"line":46,"column":22}},"32":{"start":{"line":48,"column":0},"end":{"line":48,"column":45}},"33":{"start":{"line":50,"column":0},"end":{"line":53,"column":1}},"34":{"start":{"line":51,"column":1},"end":{"line":51,"column":36}},"35":{"start":{"line":52,"column":1},"end":{"line":52,"column":36}},"36":{"start":{"line":54,"column":0},"end":{"line":54,"column":44}},"37":{"start":{"line":56,"column":0},"end":{"line":60,"column":1}},"38":{"start":{"line":57,"column":1},"end":{"line":57,"column":33}},"39":{"start":{"line":58,"column":1},"end":{"line":58,"column":56}},"40":{"start":{"line":59,"column":1},"end":{"line":59,"column":22}},"41":{"start":{"line":61,"column":0},"end":{"line":61,"column":41}},"42":{"start":{"line":63,"column":0},"end":{"line":67,"column":1}},"43":{"start":{"line":64,"column":1},"end":{"line":64,"column":33}},"44":{"start":{"line":65,"column":1},"end":{"line":65,"column":56}},"45":{"start":{"line":66,"column":1},"end":{"line":66,"column":22}},"46":{"start":{"line":68,"column":0},"end":{"line":68,"column":41}},"47":{"start":{"line":70,"column":0},"end":{"line":102,"column":1}},"48":{"start":{"line":71,"column":1},"end":{"line":71,"column":80}},"49":{"start":{"line":72,"column":1},"end":{"line":72,"column":70}},"50":{"start":{"line":74,"column":1},"end":{"line":74,"column":77}},"51":{"start":{"line":76,"column":1},"end":{"line":77,"column":23}},"52":{"start":{"line":77,"column":2},"end":{"line":77,"column":23}},"53":{"start":{"line":79,"column":1},"end":{"line":82,"column":28}},"54":{"start":{"line":84,"column":1},"end":{"line":84,"column":58}},"55":{"start":{"line":86,"column":1},"end":{"line":86,"column":64}},"56":{"start":{"line":88,"column":1},"end":{"line":90,"column":17}},"57":{"start":{"line":92,"column":1},"end":{"line":92,"column":41}},"58":{"start":{"line":94,"column":1},"end":{"line":94,"column":17}},"59":{"start":{"line":96,"column":1},"end":{"line":96,"column":20}},"60":{"start":{"line":98,"column":1},"end":{"line":98,"column":16}},"61":{"start":{"line":99,"column":1},"end":{"line":99,"column":22}},"62":{"start":{"line":101,"column":1},"end":{"line":101,"column":19}},"63":{"start":{"line":104,"column":0},"end":{"line":104,"column":45}},"64":{"start":{"line":106,"column":0},"end":{"line":112,"column":2}},"65":{"start":{"line":107,"column":1},"end":{"line":108,"column":23}},"66":{"start":{"line":108,"column":2},"end":{"line":108,"column":23}},"67":{"start":{"line":109,"column":1},"end":{"line":109,"column":51}},"68":{"start":{"line":110,"column":1},"end":{"line":110,"column":20}},"69":{"start":{"line":111,"column":1},"end":{"line":111,"column":13}},"70":{"start":{"line":114,"column":0},"end":{"line":118,"column":1}},"71":{"start":{"line":115,"column":1},"end":{"line":117,"column":34}},"72":{"start":{"line":120,"column":0},"end":{"line":123,"column":1}},"73":{"start":{"line":121,"column":1},"end":{"line":122,"column":52}},"74":{"start":{"line":125,"column":0},"end":{"line":131,"column":2}},"75":{"start":{"line":126,"column":1},"end":{"line":130,"column":2}},"76":{"start":{"line":127,"column":2},"end":{"line":127,"column":32}},"77":{"start":{"line":128,"column":2},"end":{"line":128,"column":47}},"78":{"start":{"line":129,"column":2},"end":{"line":129,"column":54}},"79":{"start":{"line":133,"column":0},"end":{"line":156,"column":2}},"80":{"start":{"line":134,"column":1},"end":{"line":135,"column":21}},"81":{"start":{"line":135,"column":2},"end":{"line":135,"column":21}},"82":{"start":{"line":137,"column":1},"end":{"line":139,"column":23}},"83":{"start":{"line":141,"column":1},"end":{"line":141,"column":15}},"84":{"start":{"line":142,"column":1},"end":{"line":145,"column":3}},"85":{"start":{"line":147,"column":1},"end":{"line":147,"column":42}},"86":{"start":{"line":148,"column":1},"end":{"line":148,"column":56}},"87":{"start":{"line":149,"column":1},"end":{"line":149,"column":56}},"88":{"start":{"line":150,"column":1},"end":{"line":150,"column":60}},"89":{"start":{"line":152,"column":1},"end":{"line":152,"column":17}},"90":{"start":{"line":153,"column":1},"end":{"line":153,"column":31}},"91":{"start":{"line":155,"column":1},"end":{"line":155,"column":20}},"92":{"start":{"line":158,"column":0},"end":{"line":237,"column":2}},"93":{"start":{"line":159,"column":1},"end":{"line":159,"column":24}},"94":{"start":{"line":161,"column":1},"end":{"line":219,"column":2}},"95":{"start":{"line":163,"column":2},"end":{"line":163,"column":13}},"96":{"start":{"line":165,"column":2},"end":{"line":166,"column":10}},"97":{"start":{"line":166,"column":3},"end":{"line":166,"column":10}},"98":{"start":{"line":171,"column":2},"end":{"line":171,"column":35}},"99":{"start":{"line":172,"column":2},"end":{"line":172,"column":39}},"100":{"start":{"line":175,"column":2},"end":{"line":176,"column":10}},"101":{"start":{"line":176,"column":3},"end":{"line":176,"column":10}},"102":{"start":{"line":179,"column":2},"end":{"line":179,"column":41}},"103":{"start":{"line":182,"column":2},"end":{"line":183,"column":10}},"104":{"start":{"line":183,"column":3},"end":{"line":183,"column":10}},"105":{"start":{"line":185,"column":2},"end":{"line":185,"column":33}},"106":{"start":{"line":188,"column":2},"end":{"line":189,"column":10}},"107":{"start":{"line":189,"column":3},"end":{"line":189,"column":10}},"108":{"start":{"line":191,"column":2},"end":{"line":191,"column":43}},"109":{"start":{"line":192,"column":2},"end":{"line":192,"column":47}},"110":{"start":{"line":200,"column":2},"end":{"line":218,"column":3}},"111":{"start":{"line":201,"column":3},"end":{"line":201,"column":46}},"112":{"start":{"line":204,"column":3},"end":{"line":206,"column":11}},"113":{"start":{"line":206,"column":4},"end":{"line":206,"column":11}},"114":{"start":{"line":209,"column":3},"end":{"line":209,"column":66}},"115":{"start":{"line":212,"column":3},"end":{"line":213,"column":11}},"116":{"start":{"line":213,"column":4},"end":{"line":213,"column":11}},"117":{"start":{"line":215,"column":3},"end":{"line":215,"column":50}},"118":{"start":{"line":217,"column":3},"end":{"line":217,"column":26}},"119":{"start":{"line":222,"column":1},"end":{"line":223,"column":9}},"120":{"start":{"line":223,"column":2},"end":{"line":223,"column":9}},"121":{"start":{"line":225,"column":1},"end":{"line":225,"column":24}},"122":{"start":{"line":227,"column":1},"end":{"line":227,"column":43}},"123":{"start":{"line":228,"column":1},"end":{"line":228,"column":25}},"124":{"start":{"line":230,"column":1},"end":{"line":236,"column":2}},"125":{"start":{"line":231,"column":2},"end":{"line":231,"column":18}},"126":{"start":{"line":232,"column":2},"end":{"line":232,"column":18}},"127":{"start":{"line":233,"column":2},"end":{"line":233,"column":13}},"128":{"start":{"line":235,"column":2},"end":{"line":235,"column":14}},"129":{"start":{"line":239,"column":0},"end":{"line":241,"column":1}},"130":{"start":{"line":240,"column":1},"end":{"line":240,"column":51}},"131":{"start":{"line":243,"column":0},"end":{"line":246,"column":2}},"132":{"start":{"line":244,"column":1},"end":{"line":244,"column":21}},"133":{"start":{"line":245,"column":1},"end":{"line":245,"column":42}},"134":{"start":{"line":248,"column":0},"end":{"line":250,"column":2}},"135":{"start":{"line":249,"column":1},"end":{"line":249,"column":28}},"136":{"start":{"line":252,"column":0},"end":{"line":319,"column":2}},"137":{"start":{"line":253,"column":1},"end":{"line":254,"column":39}},"138":{"start":{"line":254,"column":2},"end":{"line":254,"column":39}},"139":{"start":{"line":256,"column":1},"end":{"line":256,"column":36}},"140":{"start":{"line":257,"column":1},"end":{"line":318,"column":2}},"141":{"start":{"line":265,"column":2},"end":{"line":271,"column":3}},"142":{"start":{"line":266,"column":3},"end":{"line":267,"column":11}},"143":{"start":{"line":267,"column":4},"end":{"line":267,"column":11}},"144":{"start":{"line":269,"column":3},"end":{"line":270,"column":11}},"145":{"start":{"line":270,"column":4},"end":{"line":270,"column":11}},"146":{"start":{"line":273,"column":2},"end":{"line":273,"column":26}},"147":{"start":{"line":275,"column":2},"end":{"line":317,"column":3}},"148":{"start":{"line":276,"column":3},"end":{"line":295,"column":4}},"149":{"start":{"line":277,"column":4},"end":{"line":278,"column":29}},"150":{"start":{"line":279,"column":10},"end":{"line":295,"column":4}},"151":{"start":{"line":280,"column":4},"end":{"line":281,"column":29}},"152":{"start":{"line":282,"column":10},"end":{"line":295,"column":4}},"153":{"start":{"line":283,"column":4},"end":{"line":284,"column":29}},"154":{"start":{"line":285,"column":10},"end":{"line":295,"column":4}},"155":{"start":{"line":286,"column":4},"end":{"line":287,"column":29}},"156":{"start":{"line":288,"column":10},"end":{"line":295,"column":4}},"157":{"start":{"line":289,"column":4},"end":{"line":290,"column":29}},"158":{"start":{"line":292,"column":4},"end":{"line":294,"column":29}},"159":{"start":{"line":297,"column":3},"end":{"line":316,"column":4}},"160":{"start":{"line":298,"column":4},"end":{"line":299,"column":29}},"161":{"start":{"line":300,"column":10},"end":{"line":316,"column":4}},"162":{"start":{"line":301,"column":4},"end":{"line":302,"column":29}},"163":{"start":{"line":303,"column":10},"end":{"line":316,"column":4}},"164":{"start":{"line":304,"column":4},"end":{"line":305,"column":29}},"165":{"start":{"line":306,"column":10},"end":{"line":316,"column":4}},"166":{"start":{"line":307,"column":4},"end":{"line":308,"column":29}},"167":{"start":{"line":309,"column":10},"end":{"line":316,"column":4}},"168":{"start":{"line":310,"column":4},"end":{"line":311,"column":29}},"169":{"start":{"line":313,"column":4},"end":{"line":315,"column":29}},"170":{"start":{"line":321,"column":0},"end":{"line":331,"column":2}},"171":{"start":{"line":322,"column":1},"end":{"line":323,"column":25}},"172":{"start":{"line":323,"column":2},"end":{"line":323,"column":25}},"173":{"start":{"line":324,"column":1},"end":{"line":330,"column":2}},"174":{"start":{"line":325,"column":2},"end":{"line":325,"column":26}},"175":{"start":{"line":326,"column":2},"end":{"line":326,"column":55}},"176":{"start":{"line":328,"column":2},"end":{"line":328,"column":16}},"177":{"start":{"line":329,"column":2},"end":{"line":329,"column":70}},"178":{"start":{"line":333,"column":0},"end":{"line":342,"column":2}},"179":{"start":{"line":334,"column":1},"end":{"line":341,"column":2}},"180":{"start":{"line":335,"column":2},"end":{"line":335,"column":16}},"181":{"start":{"line":336,"column":2},"end":{"line":336,"column":18}},"182":{"start":{"line":338,"column":2},"end":{"line":338,"column":26}},"183":{"start":{"line":339,"column":2},"end":{"line":340,"column":39}},"184":{"start":{"line":345,"column":0},"end":{"line":359,"column":1}},"185":{"start":{"line":346,"column":1},"end":{"line":346,"column":29}},"186":{"start":{"line":347,"column":1},"end":{"line":358,"column":2}},"187":{"start":{"line":348,"column":2},"end":{"line":349,"column":19}},"188":{"start":{"line":349,"column":3},"end":{"line":349,"column":19}},"189":{"start":{"line":350,"column":2},"end":{"line":354,"column":3}},"190":{"start":{"line":351,"column":3},"end":{"line":351,"column":17}},"191":{"start":{"line":353,"column":3},"end":{"line":353,"column":22}},"192":{"start":{"line":356,"column":2},"end":{"line":357,"column":10}},"193":{"start":{"line":357,"column":3},"end":{"line":357,"column":10}},"194":{"start":{"line":361,"column":0},"end":{"line":379,"column":2}},"195":{"start":{"line":362,"column":1},"end":{"line":362,"column":30}},"196":{"start":{"line":363,"column":1},"end":{"line":366,"column":2}},"197":{"start":{"line":364,"column":2},"end":{"line":364,"column":65}},"198":{"start":{"line":365,"column":2},"end":{"line":365,"column":14}},"199":{"start":{"line":368,"column":1},"end":{"line":374,"column":3}},"200":{"start":{"line":376,"column":1},"end":{"line":376,"column":21}},"201":{"start":{"line":378,"column":1},"end":{"line":378,"column":13}},"202":{"start":{"line":381,"column":0},"end":{"line":392,"column":1}},"203":{"start":{"line":382,"column":1},"end":{"line":382,"column":34}},"204":{"start":{"line":384,"column":1},"end":{"line":385,"column":39}},"205":{"start":{"line":385,"column":2},"end":{"line":385,"column":39}},"206":{"start":{"line":387,"column":1},"end":{"line":387,"column":25}},"207":{"start":{"line":388,"column":1},"end":{"line":388,"column":20}},"208":{"start":{"line":389,"column":1},"end":{"line":389,"column":17}},"209":{"start":{"line":391,"column":1},"end":{"line":391,"column":13}},"210":{"start":{"line":394,"column":0},"end":{"line":407,"column":2}},"211":{"start":{"line":395,"column":1},"end":{"line":395,"column":25}},"212":{"start":{"line":396,"column":1},"end":{"line":401,"column":2}},"213":{"start":{"line":397,"column":2},"end":{"line":397,"column":27}},"214":{"start":{"line":398,"column":2},"end":{"line":398,"column":19}},"215":{"start":{"line":399,"column":2},"end":{"line":399,"column":27}},"216":{"start":{"line":400,"column":2},"end":{"line":400,"column":21}},"217":{"start":{"line":403,"column":1},"end":{"line":405,"column":34}},"218":{"start":{"line":404,"column":2},"end":{"line":405,"column":34}},"219":{"start":{"line":405,"column":3},"end":{"line":405,"column":34}},"220":{"start":{"line":406,"column":1},"end":{"line":406,"column":12}},"221":{"start":{"line":409,"column":0},"end":{"line":418,"column":2}},"222":{"start":{"line":410,"column":1},"end":{"line":410,"column":25}},"223":{"start":{"line":411,"column":1},"end":{"line":411,"column":15}},"224":{"start":{"line":413,"column":1},"end":{"line":414,"column":34}},"225":{"start":{"line":414,"column":2},"end":{"line":414,"column":34}},"226":{"start":{"line":415,"column":1},"end":{"line":417,"column":37}},"227":{"start":{"line":420,"column":0},"end":{"line":429,"column":1}},"228":{"start":{"line":421,"column":1},"end":{"line":422,"column":9}},"229":{"start":{"line":422,"column":2},"end":{"line":422,"column":9}},"230":{"start":{"line":424,"column":1},"end":{"line":426,"column":32}},"231":{"start":{"line":427,"column":1},"end":{"line":427,"column":67}},"232":{"start":{"line":428,"column":1},"end":{"line":428,"column":16}},"233":{"start":{"line":431,"column":0},"end":{"line":450,"column":2}},"234":{"start":{"line":432,"column":1},"end":{"line":432,"column":43}},"235":{"start":{"line":436,"column":1},"end":{"line":437,"column":16}},"236":{"start":{"line":437,"column":2},"end":{"line":437,"column":16}},"237":{"start":{"line":439,"column":1},"end":{"line":439,"column":67}},"238":{"start":{"line":441,"column":1},"end":{"line":441,"column":29}},"239":{"start":{"line":442,"column":1},"end":{"line":442,"column":26}},"240":{"start":{"line":443,"column":1},"end":{"line":443,"column":29}},"241":{"start":{"line":444,"column":1},"end":{"line":444,"column":42}},"242":{"start":{"line":445,"column":1},"end":{"line":445,"column":34}},"243":{"start":{"line":447,"column":1},"end":{"line":447,"column":60}},"244":{"start":{"line":449,"column":1},"end":{"line":449,"column":15}},"245":{"start":{"line":452,"column":0},"end":{"line":486,"column":1}},"246":{"start":{"line":454,"column":1},"end":{"line":457,"column":2}},"247":{"start":{"line":455,"column":2},"end":{"line":455,"column":68}},"248":{"start":{"line":456,"column":2},"end":{"line":456,"column":9}},"249":{"start":{"line":459,"column":1},"end":{"line":485,"column":2}},"250":{"start":{"line":460,"column":2},"end":{"line":463,"column":3}},"251":{"start":{"line":461,"column":3},"end":{"line":461,"column":38}},"252":{"start":{"line":462,"column":3},"end":{"line":462,"column":10}},"253":{"start":{"line":465,"column":2},"end":{"line":468,"column":3}},"254":{"start":{"line":466,"column":3},"end":{"line":466,"column":64}},"255":{"start":{"line":467,"column":3},"end":{"line":467,"column":10}},"256":{"start":{"line":470,"column":2},"end":{"line":470,"column":31}},"257":{"start":{"line":471,"column":2},"end":{"line":475,"column":3}},"258":{"start":{"line":472,"column":3},"end":{"line":473,"column":13}},"259":{"start":{"line":474,"column":3},"end":{"line":474,"column":10}},"260":{"start":{"line":477,"column":2},"end":{"line":477,"column":12}},"261":{"start":{"line":478,"column":2},"end":{"line":478,"column":14}},"262":{"start":{"line":479,"column":2},"end":{"line":479,"column":16}},"263":{"start":{"line":480,"column":2},"end":{"line":480,"column":29}},"264":{"start":{"line":481,"column":2},"end":{"line":481,"column":18}},"265":{"start":{"line":482,"column":2},"end":{"line":482,"column":22}},"266":{"start":{"line":484,"column":2},"end":{"line":484,"column":36}},"267":{"start":{"line":488,"column":0},"end":{"line":542,"column":2}},"268":{"start":{"line":491,"column":1},"end":{"line":495,"column":2}},"269":{"start":{"line":492,"column":2},"end":{"line":492,"column":30}},"270":{"start":{"line":493,"column":2},"end":{"line":493,"column":30}},"271":{"start":{"line":494,"column":2},"end":{"line":494,"column":33}},"272":{"start":{"line":497,"column":1},"end":{"line":497,"column":24}},"273":{"start":{"line":498,"column":1},"end":{"line":498,"column":18}},"274":{"start":{"line":499,"column":1},"end":{"line":499,"column":20}},"275":{"start":{"line":501,"column":1},"end":{"line":510,"column":2}},"276":{"start":{"line":502,"column":2},"end":{"line":503,"column":26}},"277":{"start":{"line":503,"column":3},"end":{"line":503,"column":26}},"278":{"start":{"line":504,"column":2},"end":{"line":505,"column":48}},"279":{"start":{"line":505,"column":3},"end":{"line":505,"column":48}},"280":{"start":{"line":506,"column":2},"end":{"line":507,"column":36}},"281":{"start":{"line":507,"column":3},"end":{"line":507,"column":36}},"282":{"start":{"line":509,"column":2},"end":{"line":509,"column":21}},"283":{"start":{"line":512,"column":1},"end":{"line":512,"column":30}},"284":{"start":{"line":513,"column":1},"end":{"line":518,"column":2}},"285":{"start":{"line":514,"column":2},"end":{"line":514,"column":25}},"286":{"start":{"line":515,"column":2},"end":{"line":516,"column":16}},"287":{"start":{"line":517,"column":2},"end":{"line":517,"column":14}},"288":{"start":{"line":520,"column":1},"end":{"line":526,"column":3}},"289":{"start":{"line":528,"column":1},"end":{"line":528,"column":15}},"290":{"start":{"line":530,"column":1},"end":{"line":536,"column":3}},"291":{"start":{"line":537,"column":1},"end":{"line":537,"column":60}},"292":{"start":{"line":539,"column":1},"end":{"line":539,"column":21}},"293":{"start":{"line":541,"column":1},"end":{"line":541,"column":13}},"294":{"start":{"line":544,"column":0},"end":{"line":546,"column":2}},"295":{"start":{"line":545,"column":1},"end":{"line":545,"column":36}},"296":{"start":{"line":548,"column":0},"end":{"line":548,"column":42}},"297":{"start":{"line":550,"column":0},"end":{"line":550,"column":26}},"298":{"start":{"line":552,"column":0},"end":{"line":552,"column":66}},"299":{"start":{"line":553,"column":0},"end":{"line":553,"column":46}},"300":{"start":{"line":554,"column":0},"end":{"line":554,"column":54}},"301":{"start":{"line":555,"column":0},"end":{"line":555,"column":54}},"302":{"start":{"line":556,"column":0},"end":{"line":556,"column":52}},"303":{"start":{"line":557,"column":0},"end":{"line":557,"column":46}},"304":{"start":{"line":558,"column":0},"end":{"line":558,"column":46}}},"branchMap":{"1":{"line":71,"type":"cond-expr","locations":[{"start":{"line":71,"column":60},"end":{"line":71,"column":75}},{"start":{"line":71,"column":78},"end":{"line":71,"column":79}}]},"2":{"line":71,"type":"binary-expr","locations":[{"start":{"line":71,"column":17},"end":{"line":71,"column":24}},{"start":{"line":71,"column":28},"end":{"line":71,"column":56}}]},"3":{"line":72,"type":"cond-expr","locations":[{"start":{"line":72,"column":47},"end":{"line":72,"column":62}},{"start":{"line":72,"column":65},"end":{"line":72,"column":69}}]},"4":{"line":72,"type":"binary-expr","locations":[{"start":{"line":72,"column":17},"end":{"line":72,"column":24}},{"start":{"line":72,"column":28},"end":{"line":72,"column":43}}]},"5":{"line":74,"type":"cond-expr","locations":[{"start":{"line":74,"column":53},"end":{"line":74,"column":71}},{"start":{"line":74,"column":74},"end":{"line":74,"column":76}}]},"6":{"line":74,"type":"binary-expr","locations":[{"start":{"line":74,"column":20},"end":{"line":74,"column":27}},{"start":{"line":74,"column":31},"end":{"line":74,"column":49}}]},"7":{"line":76,"type":"if","locations":[{"start":{"line":76,"column":1},"end":{"line":76,"column":1}},{"start":{"line":76,"column":1},"end":{"line":76,"column":1}}]},"8":{"line":79,"type":"cond-expr","locations":[{"start":{"line":81,"column":5},"end":{"line":81,"column":27}},{"start":{"line":82,"column":5},"end":{"line":82,"column":27}}]},"9":{"line":79,"type":"binary-expr","locations":[{"start":{"line":79,"column":23},"end":{"line":79,"column":30}},{"start":{"line":79,"colu
[...]
"start":{"line":501,"column":1},"end":{"line":501,"column":1}}]},"74":{"line":502,"type":"if","locations":[{"start":{"line":502,"column":2},"end":{"line":502,"column":2}},{"start":{"line":502,"column":2},"end":{"line":502,"column":2}}]},"75":{"line":504,"type":"if","locations":[{"start":{"line":504,"column":2},"end":{"line":504,"column":2}},{"start":{"line":504,"column":2},"end":{"line":504,"column":2}}]},"76":{"line":506,"type":"if","locations":[{"start":{"line":506,"column":2},"end":{"line":506,"column":2}},{"start":{"line":506,"column":2},"end":{"line":506,"column":2}}]},"77":{"line":513,"type":"if","locations":[{"start":{"line":513,"column":1},"end":{"line":513,"column":1}},{"start":{"line":513,"column":1},"end":{"line":513,"column":1}}]},"78":{"line":545,"type":"binary-expr","locations":[{"start":{"line":545,"column":21},"end":{"line":545,"column":28}},{"start":{"line":545,"column":32},"end":{"line":545,"column":34}}]}},"code":["","var events = require (\"events\");","var net = require (\"net\");","var raw = require (\"raw-socket\");","var util = require (\"util\");","","function _expandConstantObject (object) {","\tvar keys = [];","\tfor (var key in object)","\t\tkeys.push (key);","\tfor (var i = 0; i < keys.length; i++)","\t\tobject[object[keys[i]]] = parseInt (keys[i]);","}","","var NetworkProtocol = {","\t1: \"IPv4\",","\t2: \"IPv6\"","};","","_expandConstantObject (NetworkProtocol);","","function DestinationUnreachableError (source) {","\tthis.name = \"DestinationUnreachableError\";","\tthis.message = \"Destination unreachable (source=\" + source + \")\";","\tthis.source = source;","}","util.inherits (DestinationUnreachableError, Error);","","function PacketTooBigError (source) {","\tthis.name = \"PacketTooBigError\";","\tthis.message = \"Packet too big (source=\" + source + \")\";","\tthis.source = source;","}","util.inherits (PacketTooBigError, Error);","","function ParameterProblemError (source) {","\tthis.name = \"ParameterProblemError\";","\tthis.message = \"Parameter problem (source=\" + source + \")\";","\tthis.source = source;","}","util.inherits (ParameterProblemError, Error);","","function RedirectReceivedError (source) {","\tthis.name = \"RedirectReceivedError\";","\tthis.message = \"Redirect received (source=\" + source + \")\";","\tthis.source = source;","}","util.inherits (RedirectReceivedError, Error);","","function RequestTimedOutError () {","\tthis.name = \"RequestTimedOutError\";","\tthis.message = \"Request timed out\";","}","util.inherits (RequestTimedOutError, Error);","","function SourceQuenchError (source) {","\tthis.name = \"SourceQuenchError\";","\tthis.message = \"Source quench (source=\" + source + \")\";","\tthis.source = source;","}","util.inherits (SourceQuenchError, Error);","","function TimeExceededError (source) {","\tthis.name = \"TimeExceededError\";","\tthis.message = \"Time exceeded (source=\" + source + \")\";","\tthis.source = source;","}","util.inherits (TimeExceededError, Error);","","function Session (options) {","\tthis.retries = (options && options.retries != undefined) ? options.retries : 1;","\tthis.timeout = (options && options.timeout) ? options.timeout : 2000;","","\tthis.packetSize = (options && options.packetSize) ? options.packetSize : 16;","","\tif (this.packetSize < 12)","\t\tthis.packetSize = 12;","","\tthis.addressFamily = (options && options.networkProtocol","\t\t\t\t&& options.networkProtocol == NetworkProtocol.IPv6)","\t\t\t? raw.AddressFamily.IPv6","\t\t\t: raw.AddressFamily.IPv4;","","\tthis._debug = (options && options._debug) ? true : false;","\t","\tthis.defaultTTL = (options && options.ttl) ? options.ttl : 128;","\t","\tthis.sessionId = (options && options.sessionId)","\t\t\t? options.sessionId","\t\t\t: process.pid;","\t","\tthis.sessionId = this.sessionId % 65535;","\t","\tthis.nextId = 1;","","\tthis.socket = null;","","\tthis.reqs = {};","\tthis.reqsPending = 0;","","\tthis.getSocket ();","};","","util.inherits (Session, events.EventEmitter);","","Session.prototype.close = function () {","\tif (this.socket)","\t\tthis.socket.close ();","\tthis.flush (new Error (\"Socket forcibly closed\"));","\tdelete this.socket;","\treturn this;","};","","Session.prototype._debugRequest = function (target, req) {","\tconsole.log (\"request: addressFamily=\" + this.addressFamily + \" target=\"","\t\t\t+ req.target + \" id=\" + req.id + \" buffer=\"","\t\t\t+ req.buffer.toString (\"hex\"));","}","","Session.prototype._debugResponse = function (source, buffer) {","\tconsole.log (\"response: addressFamily=\" + this.addressFamily + \" source=\"","\t\t\t+ source + \" buffer=\" + buffer.toString (\"hex\"));","}","","Session.prototype.flush = function (error) {","\tfor (id in this.reqs) {","\t\tvar req = this.reqRemove (id);","\t\tvar sent = req.sent ? req.sent : new Date ();","\t\treq.callback (error, req.target, sent, new Date ());","\t}","};","","Session.prototype.getSocket = function () {","\tif (this.socket)","\t\treturn this.socket;","","\tvar protocol = this.addressFamily == raw.AddressFamily.IPv6","\t\t\t? raw.Protocol.ICMPv6","\t\t\t: raw.Protocol.ICMP;","","\tvar me = this;","\tvar options = {","\t\taddressFamily: this.addressFamily,","\t\tprotocol: protocol","\t};","","\tthis.socket = raw.createSocket (options);","\tthis.socket.on (\"error\", this.onSocketError.bind (me));","\tthis.socket.on (\"close\", this.onSocketClose.bind (me));","\tthis.socket.on (\"message\", this.onSocketMessage.bind (me));","\t","\tthis.ttl = null;","\tthis.setTTL (this.defaultTTL);","\t","\treturn this.socket;","};","","Session.prototype.fromBuffer = function (buffer) {","\tvar offset, type, code;","","\tif (this.addressFamily == raw.AddressFamily.IPv6) {","\t\t// IPv6 raw sockets don't pass the IPv6 header back to us","\t\toffset = 0;","","\t\tif (buffer.length - offset < 8)","\t\t\treturn;","\t\t","\t\t// We don't believe any IPv6 options will be passed back to us so we","\t\t// don't attempt to pass them here.","","\t\ttype = buffer.readUInt8 (offset);","\t\tcode = buffer.readUInt8 (offset + 1);","\t} else {","\t\t// Need at least 20 bytes for an IP header, and it should be IPv4","\t\tif (buffer.length < 20 || (buffer[0] & 0xf0) != 0x40)","\t\t\treturn;","","\t\t// The length of the IPv4 header is in mulitples of double words","\t\tvar ip_length = (buffer[0] & 0x0f) * 4;","","\t\t// ICMP header is 8 bytes, we don't care about the data for now","\t\tif (buffer.length - ip_length < 8)","\t\t\treturn;","","\t\tvar ip_icmp_offset = ip_length;","","\t\t// ICMP message too short","\t\tif (buffer.length - ip_icmp_offset < 8)","\t\t\treturn;","","\t\ttype = buffer.readUInt8 (ip_icmp_offset);","\t\tcode = buffer.readUInt8 (ip_icmp_offset + 1);","","\t\t// For error type responses the sequence and identifier cannot be","\t\t// extracted in the same way as echo responses, the data part contains","\t\t// the IP header from our request, followed with at least 8 bytes from","\t\t// the echo request that generated the error, so we first go to the IP","\t\t// header, then skip that to get to the ICMP packet which contains the","\t\t// sequence and identifier.","\t\tif (type == 3 || type == 4 || type == 5 || type == 11) {","\t\t\tvar ip_icmp_ip_offset = ip_icmp_offset + 8;","","\t\t\t// Need at least 20 bytes for an IP header, and it should be IPv4","\t\t\tif (buffer.length - ip_icmp_ip_offset  < 20","\t\t\t\t\t|| (buffer[ip_icmp_ip_offset] & 0xf0) != 0x40)","\t\t\t\treturn;","","\t\t\t// The length of the IPv4 header is in mulitples of double words","\t\t\tvar ip_icmp_ip_length = (buffer[ip_icmp_ip_offset] & 0x0f) * 4;","","\t\t\t// ICMP message too short","\t\t\tif (buffer.length - ip_icmp_ip_offset - ip_icmp_ip_length < 8)","\t\t\t\treturn;","","\t\t\toffset = ip_icmp_ip_offset + ip_icmp_ip_length;","\t\t} else {","\t\t\toffset = ip_icmp_offset","\t\t}","\t}","","\t// Response is not for a request we generated","\tif (buffer.readUInt16BE (offset + 4) != this.sessionId)","\t\treturn;","","\tbuffer[offset + 4] = 0;","\t","\tvar id = buffer.readUInt16BE (offset + 6);","\tvar req = this.reqs[id];","","\tif (req) {","\t\treq.type = type;","\t\treq.code = code;","\t\treturn req;","\t} else {","\t\treturn null;","\t}","};","","Session.prototype.onBeforeSocketSend = function (req) {","\tthis.setTTL (req.ttl ? req.ttl : this.defaultTTL);","}","","Session.prototype.onSocketClose = function () {","\tthis.emit (\"close\");","\tthis.flush (new Error (\"Socket closed\"));","};","","Session.prototype.onSocketError = function (error) {","\tthis.emit (\"error\", error);","};","","Session.prototype.onSocketMessage = function (buffer, source) {","\tif (this._debug)","\t\tthis._debugResponse (source, buffer);","","\tvar req = this.fromBuffer (buffer);","\tif (req) {","\t\t/**","\t\t ** If we ping'd ourself (i.e. 127.0.0.1 or ::1) then it is likely we","\t\t ** will receive the echo request in addition to any corresponding echo","\t\t ** responses.  We discard the request packets here so that we don't","\t\t ** delete the request from the from the request queue since we haven't","\t\t ** actually received a response yet.","\t\t **/","\t\tif (this.addressFamily == raw.AddressFamily.IPv6) {","\t\t\tif (req.type == 128)","\t\t\t\treturn;","\t\t} else {","\t\t\tif (req.type == 8)","\t\t\t\treturn;","\t\t}","\t\t","\t\tthis.reqRemove (req.id);","\t\t","\t\tif (this.addressFamily == raw.AddressFamily.IPv6) {","\t\t\tif (req.type == 1) {","\t\t\t\treq.callback (new DestinationUnreachableError (source), req.target,","\t\t\t\t\t\treq.sent, new Date ());","\t\t\t} else if (req.type == 2) {","\t\t\t\treq.callback (new PacketTooBigError (source), req.target,","\t\t\t\t\t\treq.sent, new Date ());","\t\t\t} else if (req.type == 3) {","\t\t\t\treq.callback (new TimeExceededError (source), req.target,","\t\t\t\t\t\treq.sent, new Date ());","\t\t\t} else if (req.type == 4) {","\t\t\t\treq.callback (new ParameterProblemError (source), req.target,","\t\t\t\t\t\treq.sent, new Date ());","\t\t\t} else if (req.type == 129) {","\t\t\t\treq.callback (null, req.target,","\t\t\t\t\t\treq.sent, new Date ());","\t\t\t} else {","\t\t\t\treq.callback (new Error (\"Unknown response type '\" + req.type","\t\t\t\t\t\t+ \"' (source=\" + source + \")\"), req.target,","\t\t\t\t\t\treq.sent, new Date ());","\t\t\t}","\t\t} else {","\t\t\tif (req.type == 0) {","\t\t\t\treq.callback (null, req.target,","\t\t\t\t\t\treq.sent, new Date ());","\t\t\t} else if (req.type == 3) {","\t\t\t\treq.callback (new DestinationUnreachableError (source), req.target,","\t\t\t\t\t\treq.sent, new Date ());","\t\t\t} else if (req.type == 4) {","\t\t\t\treq.callback (new SourceQuenchError (source), req.target,","\t\t\t\t\t\treq.sent, new Date ());","\t\t\t} else if (req.type == 5) {","\t\t\t\treq.callback (new RedirectReceivedError (source), req.target,","\t\t\t\t\t\treq.sent, new Date ());","\t\t\t} else if (req.type == 11) {","\t\t\t\treq.callback (new TimeExceededError (source), req.target,","\t\t\t\t\t\treq.sent, new Date ());","\t\t\t} else {","\t\t\t\treq.callback (new Error (\"Unknown response type '\" + req.type","\t\t\t\t\t\t+ \"' (source=\" + source + \")\"), req.target,","\t\t\t\t\t\treq.sent, new Date ());","\t\t\t}","\t\t}","\t}","};","","Session.prototype.onSocketSend = function (req, error, bytes) {","\tif (! req.sent)","\t\treq.sent = new Date ();","\tif (error) {","\t\tthis.reqRemove (req.id);","\t\treq.callback (error, req.target, req.sent, req.sent);","\t} else {","\t\tvar me = this;","\t\treq.timer = setTimeout (this.onTimeout.bind (me, req), req.timeout);","\t}","};","","Session.prototype.onTimeout = function (req) {","\tif (req.retries > 0) {","\t\treq.retries--;","\t\tthis.send (req);","\t} else {","\t\tthis.reqRemove (req.id);","\t\treq.callback (new RequestTimedOutError (\"Request timed out\"),","\t\t\t\treq.target, req.sent, new Date ());","\t}","};","","// Keep searching for an ID which is not in use","Session.prototype._generateId = function () {","\tvar startId = this.nextId++;","\twhile (1) {","\t\tif (this.nextId > 65535)","\t\t\tthis.nextId = 1;","\t\tif (this.reqs[this.nextId]) {","\t\t\tthis.nextId++;","\t\t} else {","\t\t\treturn this.nextId;","\t\t}","\t\t// No free request IDs","\t\tif (this.nextId == startId)","\t\t\treturn;","\t}","}","","Session.prototype.pingHost = function (target, callback) {","\tvar id = this._generateId ();","\tif (! id) {","\t\tcallback (new Error (\"Too many requests outstanding\"), target);","\t\treturn this;","\t}","","\tvar req = {","\t\tid: id,","\t\tretries: this.retries,","\t\ttimeout: this.timeout,","\t\tcallback: callback,","\t\ttarget: target","\t};","","\tthis.reqQueue (req);","","\treturn this;","};","","Session.prototype.reqQueue = function (req) {","\treq.buffer = this.toBuffer (req);","","\tif (this._debug)","\t\tthis._debugRequest (req.target, req);","","\tthis.reqs[req.id] = req;","\tthis.reqsPending++;","\tthis.send (req);","\t","\treturn this;","}","","Session.prototype.reqRemove = function (id) {","\tvar req = this.reqs[id];","\tif (req) {","\t\tclearTimeout (req.timer);","\t\tdelete req.timer;","\t\tdelete this.reqs[req.id];","\t\tthis.reqsPending--;","\t}","\t// If we have no more outstanding requests pause readable events","\tif (this.reqsPending <= 0)","\t\tif (! this.getSocket ().recvPaused)","\t\t\tthis.getSocket ().pauseRecv ();","\treturn req;","};","","Session.prototype.send = function (req) {","\tvar buffer = req.buffer;","\tvar me = this;","\t// Resume readable events if the raw socket is paused","\tif (this.getSocket ().recvPaused)","\t\tthis.getSocket ().resumeRecv ();","\tthis.getSocket ().send (buffer, 0, buffer.length, req.target,","\t\t\tthis.onBeforeSocketSend.bind (me, req),","\t\t\tthis.onSocketSend.bind (me, req));","};","","Session.prototype.setTTL = function (ttl) {","\tif (this.ttl && this.ttl == ttl)","\t\treturn;","","\tvar level = this.addressFamily == raw.AddressFamily.IPv6","\t\t\t? raw.SocketLevel.IPPROTO_IPV6","\t\t\t: raw.SocketLevel.IPPROTO_IP;","\tthis.getSocket ().setOption (level, raw.SocketOption.IP_TTL, ttl);","\tthis.ttl = ttl;","}","","Session.prototype.toBuffer = function (req) {","\tvar buffer = new Buffer (this.packetSize);","","\t// Since our buffer represents real memory we should initialise it to","\t// prevent its previous contents from leaking to the network.","\tfor (var i = 8; i < this.packetSize; i++)","\t\tbuffer[i] = 0;","","\tvar type = this.addressFamily == raw.AddressFamily.IPv6 ? 128 : 8;","","\tbuffer.writeUInt8 (type, 0);","\tbuffer.writeUInt8 (0, 1);","\tbuffer.writeUInt16BE (0, 2);","\tbuffer.writeUInt16BE (this.sessionId, 4);","\tbuffer.writeUInt16BE (req.id, 6);","","\traw.writeChecksum (buffer, 2, raw.createChecksum (buffer));","","\treturn buffer;","};","","Session.prototype.traceRouteCallback = function (trace, req, error, target,","\t\tsent, rcvd) {","\tif (trace.feedCallback (error, target, req.ttl, sent, rcvd)) {","\t\ttrace.doneCallback (new Error (\"Trace forcibly stopped\"), target);","\t\treturn;","\t}","","\tif (error) {","\t\tif (req.ttl >= trace.ttl) {","\t\t\ttrace.doneCallback (error, target);","\t\t\treturn;","\t\t}","\t\t","\t\tif ((error instanceof RequestTimedOutError) && ++trace.timeouts >= trace.maxHopTimeouts) {","\t\t\ttrace.doneCallback (new Error (\"Too many timeouts\"), target);","\t\t\treturn;","\t\t}","","\t\tvar id = this._generateId ();","\t\tif (! id) {","\t\t\ttrace.doneCallback (new Error (\"Too many requests outstanding\"),","\t\t\t\t\ttarget);","\t\t\treturn;","\t\t}","","\t\treq.ttl++;","\t\treq.id = id;","\t\tvar me = this;","\t\treq.retries = this.retries;","\t\treq.sent = null;","\t\tthis.reqQueue (req);","\t} else {","\t\ttrace.doneCallback (null, target);","\t}","}","","Session.prototype.traceRoute = function (target, ttlOrOptions, feedCallback,","\t\tdoneCallback) {","\t// signature was (target, feedCallback, doneCallback)","\tif (! doneCallback) {","\t\tdoneCallback = feedCallback;","\t\tfeedCallback = ttlOrOptions;","\t\tttlOrOptions = {ttl: this.ttl};","\t}","","\tvar maxHopTimeouts = 3;","\tvar startTtl = 1;","\tvar ttl = this.ttl;","","\tif (typeof ttlOrOptions == \"object\") {","\t\tif (ttlOrOptions.ttl)","\t\t\tttl = ttlOrOptions.ttl;","\t\tif (ttlOrOptions.maxHopTimeouts)","\t\t\tmaxHopTimeouts = ttlOrOptions.maxHopTimeouts;","\t\tif (ttlOrOptions.startTtl)","\t\t\tstartTtl = ttlOrOptions.startTtl;","\t} else {","\t\tttl = ttlOrOptions;","\t}","","\tvar id = this._generateId ();","\tif (! id) {","\t\tvar sent = new Date ();","\t\tdoneCallback (new Error (\"Too many requests outstanding\"), target,","\t\t\t\tsent, sent);","\t\treturn this;","\t}","","\tvar trace = {","\t\tfeedCallback: feedCallback,","\t\tdoneCallback: doneCallback,","\t\tttl: ttl,","\t\tmaxHopTimeouts: maxHopTimeouts,","\t\ttimeouts: 0","\t};","\t","\tvar me = this;","","\tvar req = {","\t\tid: id,","\t\tretries: this.retries,","\t\ttimeout: this.timeout,","\t\tttl: startTtl,","\t\ttarget: target","\t};","\treq.callback = me.traceRouteCallback.bind (me, trace, req);","\t","\tthis.reqQueue (req);","","\treturn this;","};","","exports.createSession = function (options) {","\treturn new Session (options || {});","};","","exports.NetworkProtocol = NetworkProtocol;","","exports.Session = Session;","","exports.DestinationUnreachableError = DestinationUnreachableError;","exports.PacketTooBigError = PacketTooBigError;","exports.ParameterProblemError = ParameterProblemError;","exports.RedirectReceivedError = RedirectReceivedError;","exports.RequestTimedOutError = RequestTimedOutError;","exports.SourceQuenchError = SourceQuenchError;","exports.TimeExceededError = TimeExceededError;",""],"l":{"2":1,"3":1,"4":1,"5":1,"7":1,"8":1,"9":1,"10":2,"11":1,"12":2,"15":1,"20":1,"22":1,"23":0,"24":0,"25":0,"27":1,"29":1,"30":0,"31":0,"32":0,"34":1,"36":1,"37":0,"38":0,"39":0,"41":1,"43":1,"44":0,"45":0,"46":0,"48":1,"50":1,"51":0,"52":0,"54":1,"56":1,"57":0,"58":0,"59":0,"61":1,"63":1,"64":0,"65":0,"66":0,"68":1,"70":1,"71":0,"72":0,"74":0,"76":0,"77":0,"79":0,"84":0,"86":0,"88":0,"92":0,"94":0,"96":0,"98":0,"99":0,"101":0,"104":1,"106":1,"107":0,"108":0,"109":0,"110":0,"111":0,"114":1,"115":0,"120":1,"121":0,"125":1,"126":0,"127":0,"128":0,"129":0,"133":1,"134":0,"135":0,"137":0,"141":0,"142":0,"147":0,"148":0,"149":0,"150":0,"152":0,"153":0,"155":0,"158":1,"159":0,"161":0,"163":0,"165":0,"166":0,"171":0,"172":0,"175":0,"176":0,"179":0,"182":0,"183":0,"185":0,"188":0,"189":0,"191":0,"192":0,"200":0,"201":0,"204":0,"206":0,"209":0,"212":0,"213":0,"215":0,"217":0,"222":0,"223":0,"225":0,"227":0,"228":0,"230":0,"231":0,"232":0,"233":0,"235":0,"239":1,"240":0,"243":1,"244":0,"245":0,"248":1,"249":0,"252":1,"253":0,"254":0,"256":0,"257":0,"265":0,"266":0,"267":0,"269":0,"270":0,"273":0,"275":0,"276":0,"277":0,"279":0,"280":0,"282":0,"283":0,"285":0,"286":0,"288":0,"289":0,"292":0,"297":0,"298":0,"300":0,"301":0,"303":0,"304":0,"306":0,"307":0,"309":0,"310":0,"313":0,"321":1,"322":0,"323":0,"324":0,"325":0,"326":0,"328":0,"329":0,"333":1,"334":0,"335":0,"336":0,"338":0,"339":0,"345":1,"346":0,"347":0,"348":0,"349":0,"350":0,"351":0,"353":0,"356":0,"357":0,"361":1,"362":0,"363":0,"364":0,"365":0,"368":0,"376":0,"378":0,"381":1,"382":0,"384":0,"385":0,"387":0,"388":0,"389":0,"391":0,"394":1,"395":0,"396":0,"397":0,"398":0,"399":0,"400":0,"403":0,"404":0,"405":0,"406":0,"409":1,"410":0,"411":0,"413":0,"414":0,"415":0,"420":1,"421":0,"422":0,"424":0,"427":0,"428":0,"431":1,"432":0,"436":0,"437":0,"439":0,"441":0,"442":0,"443":0,"444":0,"445":0,"447":0,"449":0,"452":1,"454":0,"455":0,"456":0,"459":0,"460":0,"461":0,"462":0,"465":0,"466":0,"467":0,"470":0,"471":0,"472":0,"474":0,"477":0,"478":0,"479":0,"480":0,"481":0,"482":0,"484":0,"488":1,"491":0,"492":0,"493":0,"494":0,"497":0,"498":0,"499":0,"501":0,"502":0,"503":0,"504":0,"505":0,"506":0,"507":0,"509":0,"512":0,"513":0,"514":0,"515":0,"517":0,"520":0,"528":0,"530":0,"537":0,"539":0,"541":0,"544":1,"545":0,"548":1,"550":1,"552":1,"553":1,"554":1,"555":1,"556":1,"557":1,"558":1}}}